13/03/2017 18:49:12 (Std) 	+-+-+-+-+-+-+-+-+-+-+-+-+-+-+-+-+-+-+-+-+-+-+-+-+-+-+-+-+-+-+-+-+-+-+-+-+-+-+-+
13/03/2017 18:49:12 (Std) 	+                     Crazy Eddie's GUI System - Event log                    +
13/03/2017 18:49:12 (Std) 	+                          (http://www.cegui.org.uk/)                         +
13/03/2017 18:49:12 (Std) 	+-+-+-+-+-+-+-+-+-+-+-+-+-+-+-+-+-+-+-+-+-+-+-+-+-+-+-+-+-+-+-+-+-+-+-+-+-+-+-+

13/03/2017 18:49:12 (Std) 	CEGUI::Logger singleton created. (0541D338)
13/03/2017 18:49:12 (Std) 	
13/03/2017 18:49:12 (Std) 	********************************************************************************
13/03/2017 18:49:12 (Std) 	* Important:                                                                   *
13/03/2017 18:49:12 (Std) 	*     To get support at the CEGUI forums, you must post _at least_ the section *
13/03/2017 18:49:12 (Std) 	*     of this log file indicated below.  Failure to do this will result in no  *
13/03/2017 18:49:12 (Std) 	*     support being given; please do not waste our time.                       *
13/03/2017 18:49:12 (Std) 	********************************************************************************
13/03/2017 18:49:12 (Std) 	********************************************************************************
13/03/2017 18:49:12 (Std) 	* -------- START OF ESSENTIAL SECTION TO BE POSTED ON THE FORUM       -------- *
13/03/2017 18:49:12 (Std) 	********************************************************************************
13/03/2017 18:49:12 (Std) 	---- Version: 0.8.7 (Build: Feb 27 2017 Debug Microsoft Windows MSVC++ 14.0 (2015) 32 bit) ----
13/03/2017 18:49:12 (Std) 	---- Renderer module is: CEGUI::IrrlichtRenderer - Official Irrlicht based 2nd generation renderer module.  RenderTarget support is enabled. ----
13/03/2017 18:49:12 (Std) 	---- XML Parser module is: CEGUI::ExpatParser - Official expat based parser module for CEGUI ----
13/03/2017 18:49:12 (Std) 	---- Image Codec module is: IrrlichtImageCodec - Integrated ImageCodec using the Irrlicht engine. ----
13/03/2017 18:49:12 (Std) 	---- Scripting module is: None ----
13/03/2017 18:49:12 (Std) 	********************************************************************************
13/03/2017 18:49:12 (Std) 	* -------- END OF ESSENTIAL SECTION TO BE POSTED ON THE FORUM         -------- *
13/03/2017 18:49:12 (Std) 	********************************************************************************
13/03/2017 18:49:12 (Std) 	
13/03/2017 18:49:12 (Std) 	---- Begining CEGUI System initialisation ----
13/03/2017 18:49:12 (Std) 	[CEGUI::ImageManager] Singleton created (042C16E0)
13/03/2017 18:49:12 (Std) 	[CEGUI::ImageManager] Registered Image type: BasicImage
13/03/2017 18:49:12 (Std) 	CEGUI::FontManager singleton created. (0541FD08)
13/03/2017 18:49:12 (Std) 	CEGUI::WindowFactoryManager singleton created
13/03/2017 18:49:12 (Std) 	CEGUI::WindowManager singleton created (00C667B0)
13/03/2017 18:49:12 (Std) 	CEGUI::SchemeManager singleton created. (05420190)
13/03/2017 18:49:12 (Std) 	CEGUI::GlobalEventSet singleton created. (035757C0)
13/03/2017 18:49:12 (Std) 	CEGUI::AnimationManager singleton created (04240C28)
13/03/2017 18:49:12 (Std) 	CEGUI::WidgetLookManager singleton created. (00C5ED68)
13/03/2017 18:49:12 (Std) 	CEGUI::WindowRendererManager singleton created (00C5EC28)
13/03/2017 18:49:12 (Std) 	CEGUI::RenderEffectManager singleton created (035756A0)
13/03/2017 18:49:12 (Std) 	Created WindowFactory for 'DefaultWindow' windows.
13/03/2017 18:49:12 (Std) 	WindowFactory for 'DefaultWindow' windows added. (042CC5A8)
13/03/2017 18:49:12 (Std) 	Created WindowFactory for 'DragContainer' windows.
13/03/2017 18:49:12 (Std) 	WindowFactory for 'DragContainer' windows added. (042CC350)
13/03/2017 18:49:12 (Std) 	Created WindowFactory for 'ScrolledContainer' windows.
13/03/2017 18:49:12 (Std) 	WindowFactory for 'ScrolledContainer' windows added. (042CBC48)
13/03/2017 18:49:12 (Std) 	Created WindowFactory for 'ClippedContainer' windows.
13/03/2017 18:49:12 (Std) 	WindowFactory for 'ClippedContainer' windows added. (042CBDD8)
13/03/2017 18:49:12 (Std) 	Created WindowFactory for 'CEGUI/PushButton' windows.
13/03/2017 18:49:12 (Std) 	WindowFactory for 'CEGUI/PushButton' windows added. (042CB6D0)
13/03/2017 18:49:12 (Std) 	Created WindowFactory for 'CEGUI/RadioButton' windows.
13/03/2017 18:49:12 (Std) 	WindowFactory for 'CEGUI/RadioButton' windows added. (042CBD10)
13/03/2017 18:49:12 (Std) 	Created WindowFactory for 'CEGUI/Combobox' windows.
13/03/2017 18:49:12 (Std) 	WindowFactory for 'CEGUI/Combobox' windows added. (042CC1C0)
13/03/2017 18:49:12 (Std) 	Created WindowFactory for 'CEGUI/ComboDropList' windows.
13/03/2017 18:49:12 (Std) 	WindowFactory for 'CEGUI/ComboDropList' windows added. (042CB3B0)
13/03/2017 18:49:12 (Std) 	Created WindowFactory for 'CEGUI/Editbox' windows.
13/03/2017 18:49:12 (Std) 	WindowFactory for 'CEGUI/Editbox' windows added. (042CC418)
13/03/2017 18:49:12 (Std) 	Created WindowFactory for 'CEGUI/FrameWindow' windows.
13/03/2017 18:49:12 (Std) 	WindowFactory for 'CEGUI/FrameWindow' windows added. (042CB860)
13/03/2017 18:49:12 (Std) 	Created WindowFactory for 'CEGUI/ItemEntry' windows.
13/03/2017 18:49:12 (Std) 	WindowFactory for 'CEGUI/ItemEntry' windows added. (042CC4E0)
13/03/2017 18:49:12 (Std) 	Created WindowFactory for 'CEGUI/Listbox' windows.
13/03/2017 18:49:12 (Std) 	WindowFactory for 'CEGUI/Listbox' windows added. (042CAF00)
13/03/2017 18:49:12 (Std) 	Created WindowFactory for 'CEGUI/ListHeader' windows.
13/03/2017 18:49:12 (Std) 	WindowFactory for 'CEGUI/ListHeader' windows added. (042CC670)
13/03/2017 18:49:12 (Std) 	Created WindowFactory for 'CEGUI/ListHeaderSegment' windows.
13/03/2017 18:49:12 (Std) 	WindowFactory for 'CEGUI/ListHeaderSegment' windows added. (042CAE38)
13/03/2017 18:49:12 (Std) 	Created WindowFactory for 'CEGUI/Menubar' windows.
13/03/2017 18:49:12 (Std) 	WindowFactory for 'CEGUI/Menubar' windows added. (042CCB20)
13/03/2017 18:49:12 (Std) 	Created WindowFactory for 'CEGUI/PopupMenu' windows.
13/03/2017 18:49:12 (Std) 	WindowFactory for 'CEGUI/PopupMenu' windows added. (042CCA58)
13/03/2017 18:49:12 (Std) 	Created WindowFactory for 'CEGUI/MenuItem' windows.
13/03/2017 18:49:12 (Std) 	WindowFactory for 'CEGUI/MenuItem' windows added. (042CC738)
13/03/2017 18:49:12 (Std) 	Created WindowFactory for 'CEGUI/MultiColumnList' windows.
13/03/2017 18:49:12 (Std) 	WindowFactory for 'CEGUI/MultiColumnList' windows added. (042CCBE8)
13/03/2017 18:49:12 (Std) 	Created WindowFactory for 'CEGUI/MultiLineEditbox' windows.
13/03/2017 18:49:12 (Std) 	WindowFactory for 'CEGUI/MultiLineEditbox' windows added. (042CC990)
13/03/2017 18:49:12 (Std) 	Created WindowFactory for 'CEGUI/ProgressBar' windows.
13/03/2017 18:49:12 (Std) 	WindowFactory for 'CEGUI/ProgressBar' windows added. (042CC800)
13/03/2017 18:49:12 (Std) 	Created WindowFactory for 'CEGUI/ScrollablePane' windows.
13/03/2017 18:49:12 (Std) 	WindowFactory for 'CEGUI/ScrollablePane' windows added. (042CCCB0)
13/03/2017 18:49:12 (Std) 	Created WindowFactory for 'CEGUI/Scrollbar' windows.
13/03/2017 18:49:12 (Std) 	WindowFactory for 'CEGUI/Scrollbar' windows added. (042CC8C8)
13/03/2017 18:49:12 (Std) 	Created WindowFactory for 'CEGUI/Slider' windows.
13/03/2017 18:49:12 (Std) 	WindowFactory for 'CEGUI/Slider' windows added. (0543B7B0)
13/03/2017 18:49:12 (Std) 	Created WindowFactory for 'CEGUI/Spinner' windows.
13/03/2017 18:49:12 (Std) 	WindowFactory for 'CEGUI/Spinner' windows added. (05439F78)
13/03/2017 18:49:12 (Std) 	Created WindowFactory for 'CEGUI/TabButton' windows.
13/03/2017 18:49:12 (Std) 	WindowFactory for 'CEGUI/TabButton' windows added. (0543B170)
13/03/2017 18:49:12 (Std) 	Created WindowFactory for 'CEGUI/TabControl' windows.
13/03/2017 18:49:12 (Std) 	WindowFactory for 'CEGUI/TabControl' windows added. (0543AE50)
13/03/2017 18:49:12 (Std) 	Created WindowFactory for 'CEGUI/Thumb' windows.
13/03/2017 18:49:12 (Std) 	WindowFactory for 'CEGUI/Thumb' windows added. (0543B558)
13/03/2017 18:49:12 (Std) 	Created WindowFactory for 'CEGUI/Titlebar' windows.
13/03/2017 18:49:12 (Std) 	WindowFactory for 'CEGUI/Titlebar' windows added. (0543AF18)
13/03/2017 18:49:12 (Std) 	Created WindowFactory for 'CEGUI/ToggleButton' windows.
13/03/2017 18:49:12 (Std) 	WindowFactory for 'CEGUI/ToggleButton' windows added. (0543A298)
13/03/2017 18:49:12 (Std) 	Created WindowFactory for 'CEGUI/Tooltip' windows.
13/03/2017 18:49:12 (Std) 	WindowFactory for 'CEGUI/Tooltip' windows added. (0543ACC0)
13/03/2017 18:49:12 (Std) 	Created WindowFactory for 'CEGUI/ItemListbox' windows.
13/03/2017 18:49:12 (Std) 	WindowFactory for 'CEGUI/ItemListbox' windows added. (0543AFE0)
13/03/2017 18:49:12 (Std) 	Created WindowFactory for 'CEGUI/GroupBox' windows.
13/03/2017 18:49:12 (Std) 	WindowFactory for 'CEGUI/GroupBox' windows added. (0543ABF8)
13/03/2017 18:49:12 (Std) 	Created WindowFactory for 'CEGUI/Tree' windows.
13/03/2017 18:49:12 (Std) 	WindowFactory for 'CEGUI/Tree' windows added. (0543B0A8)
13/03/2017 18:49:12 (Std) 	Created WindowFactory for 'LayoutCell' windows.
13/03/2017 18:49:12 (Std) 	WindowFactory for 'LayoutCell' windows added. (0543A9A0)
13/03/2017 18:49:12 (Std) 	Created WindowFactory for 'HorizontalLayoutContainer' windows.
13/03/2017 18:49:12 (Std) 	WindowFactory for 'HorizontalLayoutContainer' windows added. (0543AA68)
13/03/2017 18:49:12 (Std) 	Created WindowFactory for 'VerticalLayoutContainer' windows.
13/03/2017 18:49:12 (Std) 	WindowFactory for 'VerticalLayoutContainer' windows added. (0543A4F0)
13/03/2017 18:49:12 (Std) 	Created WindowFactory for 'GridLayoutContainer' windows.
13/03/2017 18:49:12 (Std) 	WindowFactory for 'GridLayoutContainer' windows added. (0543AD88)
13/03/2017 18:49:12 (Std) 	CEGUI::System singleton created. (0541D0A8)
13/03/2017 18:49:12 (Std) 	---- CEGUI System initialisation completed ----
13/03/2017 18:49:12 (Std) 	
13/03/2017 18:49:12 (Std) 	Started creation of Scheme from XML specification:
13/03/2017 18:49:12 (Std) 	---- CEGUI GUIScheme name: VanillaSkin
13/03/2017 18:49:12 (Std) 	[ImageManager] Started creation of Imageset from XML specification:
13/03/2017 18:49:12 (Std) 	[ImageManager] ---- CEGUI Imageset name: Vanilla-Images
13/03/2017 18:49:12 (Std) 	[ImageManager] ---- Source texture file: vanilla.png
13/03/2017 18:49:12 (Std) 	[ImageManager] ---- Source texture resource group: (Default)
13/03/2017 18:49:12 (Std) 	[IrrlichtRenderer] Created texture: Vanilla-Images
13/03/2017 18:49:12 (Std) 	[ImageManager] Created image: 'Vanilla-Images/GenericBrush' (054229A8) of type: BasicImage
13/03/2017 18:49:12 (Std) 	[ImageManager] Created image: 'Vanilla-Images/FrameTopLeft' (05422548) of type: BasicImage
13/03/2017 18:49:12 (Std) 	[ImageManager] Created image: 'Vanilla-Images/FrameTopRight' (05422660) of type: BasicImage
13/03/2017 18:49:12 (Std) 	[ImageManager] Created image: 'Vanilla-Images/FrameBottomLeft' (05421DA0) of type: BasicImage
13/03/2017 18:49:12 (Std) 	[ImageManager] Created image: 'Vanilla-Images/FrameBottomRight' (05421FD0) of type: BasicImage
13/03/2017 18:49:12 (Std) 	[ImageManager] Created image: 'Vanilla-Images/FrameLeft' (05422778) of type: BasicImage
13/03/2017 18:49:12 (Std) 	[ImageManager] Created image: 'Vanilla-Images/FrameRight' (05422890) of type: BasicImage
13/03/2017 18:49:12 (Std) 	[ImageManager] Created image: 'Vanilla-Images/FrameTop' (05421B70) of type: BasicImage
13/03/2017 18:49:12 (Std) 	[ImageManager] Created image: 'Vanilla-Images/FrameBottom' (05421C88) of type: BasicImage
13/03/2017 18:49:12 (Std) 	[ImageManager] Created image: 'Vanilla-Images/ScrollUpArrow' (05422318) of type: BasicImage
13/03/2017 18:49:12 (Std) 	[ImageManager] Created image: 'Vanilla-Images/ScrollDownArrow' (05422430) of type: BasicImage
13/03/2017 18:49:12 (Std) 	[ImageManager] Created image: 'Vanilla-Images/VertScrollContainer' (05421EB8) of type: BasicImage
13/03/2017 18:49:12 (Std) 	[ImageManager] Created image: 'Vanilla-Images/ScrollLeftArrow' (054220E8) of type: BasicImage
13/03/2017 18:49:12 (Std) 	[ImageManager] Created image: 'Vanilla-Images/ScrollRightArrow' (05455688) of type: BasicImage
13/03/2017 18:49:12 (Std) 	[ImageManager] Created image: 'Vanilla-Images/HorzScrollContainer' (05455C00) of type: BasicImage
13/03/2017 18:49:12 (Std) 	[ImageManager] Created image: 'Vanilla-Images/ScrollbarThumb' (054557A0) of type: BasicImage
13/03/2017 18:49:12 (Std) 	[ImageManager] Created image: 'Vanilla-Images/ShadowBrush' (054558B8) of type: BasicImage
13/03/2017 18:49:12 (Std) 	[ImageManager] Created image: 'Vanilla-Images/MouseArrow' (05454620) of type: BasicImage
13/03/2017 18:49:12 (Std) 	[ImageManager] Created image: 'Vanilla-Images/CheckboxNormal' (05454850) of type: BasicImage
13/03/2017 18:49:12 (Std) 	[ImageManager] Created image: 'Vanilla-Images/CheckboxHover' (05453E78) of type: BasicImage
13/03/2017 18:49:12 (Std) 	[ImageManager] Created image: 'Vanilla-Images/CheckboxMark' (05454738) of type: BasicImage
13/03/2017 18:49:12 (Std) 	[ImageManager] Created image: 'Vanilla-Images/RadioButtonNormal' (05453F90) of type: BasicImage
13/03/2017 18:49:12 (Std) 	[ImageManager] Created image: 'Vanilla-Images/RadioButtonHover' (05454CB0) of type: BasicImage
13/03/2017 18:49:12 (Std) 	[ImageManager] Created image: 'Vanilla-Images/RadioButtonMark' (05455458) of type: BasicImage
13/03/2017 18:49:12 (Std) 	[ImageManager] Created image: 'Vanilla-Images/SliderScrollUpArrow' (05455228) of type: BasicImage
13/03/2017 18:49:12 (Std) 	[ImageManager] Created image: 'Vanilla-Images/SliderScrollDownArrow' (05455340) of type: BasicImage
13/03/2017 18:49:12 (Std) 	[ImageManager] Created image: 'Vanilla-Images/SliderScrollLeftArrow' (05454B98) of type: BasicImage
13/03/2017 18:49:12 (Std) 	[ImageManager] Created image: 'Vanilla-Images/SliderScrollRightArrow' (054540A8) of type: BasicImage
13/03/2017 18:49:12 (Std) 	[ImageManager] Created image: 'Vanilla-Images/VerticalImageSliderThumb' (054559D0) of type: BasicImage
13/03/2017 18:49:12 (Std) 	[ImageManager] Created image: 'Vanilla-Images/HorizontalImageSliderThumb' (05455570) of type: BasicImage
13/03/2017 18:49:12 (Std) 	[ImageManager] Created image: 'Vanilla-Images/VerticalImageSliderContainer' (05455AE8) of type: BasicImage
13/03/2017 18:49:12 (Std) 	[ImageManager] Created image: 'Vanilla-Images/HorizontalImageSliderContainer' (05453D60) of type: BasicImage
13/03/2017 18:49:12 (Std) 	[ImageManager] Created image: 'Vanilla-Images/DefaultScrollImage' (05454FF8) of type: BasicImage
13/03/2017 18:49:12 (Std) 	[ImageManager] Created image: 'Vanilla-Images/VerticalImageSliderTopEnd' (05454968) of type: BasicImage
13/03/2017 18:49:12 (Std) 	[ImageManager] Created image: 'Vanilla-Images/VerticalImageSliderBottomEnd' (05454DC8) of type: BasicImage
13/03/2017 18:49:12 (Std) 	[ImageManager] Created image: 'Vanilla-Images/HorizontalImageSliderLeftEnd' (054541C0) of type: BasicImage
13/03/2017 18:49:12 (Std) 	[ImageManager] Created image: 'Vanilla-Images/HorizontalImageSliderRightEnd' (05454EE0) of type: BasicImage
13/03/2017 18:49:12 (Std) 	[ImageManager] Created image: 'Vanilla-Images/ColourPickerCursor' (054542D8) of type: BasicImage
13/03/2017 18:49:12 (Std) 	[ImageManager] Created image: 'Vanilla-Images/TooltipBottomEdge' (054543F0) of type: BasicImage
13/03/2017 18:49:12 (Std) 	[ImageManager] Created image: 'Vanilla-Images/TooltipBottomLeft' (05454508) of type: BasicImage
13/03/2017 18:49:12 (Std) 	[ImageManager] Created image: 'Vanilla-Images/TooltipTopEdge' (05454A80) of type: BasicImage
13/03/2017 18:49:12 (Std) 	[ImageManager] Created image: 'Vanilla-Images/TooltipTopRight' (05455110) of type: BasicImage
13/03/2017 18:49:12 (Std) 	[ImageManager] Created image: 'Vanilla-Images/TooltipRightEdge' (0545A358) of type: BasicImage
13/03/2017 18:49:12 (Std) 	[ImageManager] Created image: 'Vanilla-Images/TooltipTopLeft' (05458FA8) of type: BasicImage
13/03/2017 18:49:12 (Std) 	[ImageManager] Created image: 'Vanilla-Images/TooltipLeftEdge' (05459520) of type: BasicImage
13/03/2017 18:49:12 (Std) 	[ImageManager] Created image: 'Vanilla-Images/TooltipMiddle' (054592F0) of type: BasicImage
13/03/2017 18:49:12 (Std) 	[ImageManager] Created image: 'Vanilla-Images/TooltipBottomRight' (0545A9E8) of type: BasicImage
13/03/2017 18:49:12 (Std) 	[ImageManager] Created image: 'Vanilla-Images/DropDownButtonNormal' (0545A010) of type: BasicImage
13/03/2017 18:49:12 (Std) 	[ImageManager] Created image: 'Vanilla-Images/DropDownButtonHover' (0545A8D0) of type: BasicImage
13/03/2017 18:49:12 (Std) 	[ImageManager] Created image: 'Vanilla-Images/DropDownButtonPushed' (05459638) of type: BasicImage
13/03/2017 18:49:12 (Std) 	===== Falagard 'root' element: look and feel parsing begins =====
13/03/2017 18:49:12 (Std) 	===== Look and feel parsing completed =====
13/03/2017 18:49:12 (Std) 	No window renderer factories specified for module 'CEGUICoreWindowRendererSet' - adding all available factories...
13/03/2017 18:49:12 (Std) 	Created WindowRendererFactory for 'Core/Button' WindowRenderers.
13/03/2017 18:49:12 (Std) 	WindowRendererFactory 'Core/Button' added. (05452850)
13/03/2017 18:49:12 (Std) 	Created WindowRendererFactory for 'Core/Default' WindowRenderers.
13/03/2017 18:49:12 (Std) 	WindowRendererFactory 'Core/Default' added. (05451D60)
13/03/2017 18:49:12 (Std) 	Created WindowRendererFactory for 'Core/Editbox' WindowRenderers.
13/03/2017 18:49:12 (Std) 	WindowRendererFactory 'Core/Editbox' added. (054529E0)
13/03/2017 18:49:12 (Std) 	Created WindowRendererFactory for 'Core/FrameWindow' WindowRenderers.
13/03/2017 18:49:12 (Std) 	WindowRendererFactory 'Core/FrameWindow' added. (05452AA8)
13/03/2017 18:49:12 (Std) 	Created WindowRendererFactory for 'Core/ItemEntry' WindowRenderers.
13/03/2017 18:49:12 (Std) 	WindowRendererFactory 'Core/ItemEntry' added. (054531B0)
13/03/2017 18:49:12 (Std) 	Created WindowRendererFactory for 'Core/ListHeader' WindowRenderers.
13/03/2017 18:49:12 (Std) 	WindowRendererFactory 'Core/ListHeader' added. (05451EF0)
13/03/2017 18:49:12 (Std) 	Created WindowRendererFactory for 'Core/ListHeaderSegment' WindowRenderers.
13/03/2017 18:49:12 (Std) 	WindowRendererFactory 'Core/ListHeaderSegment' added. (05452F58)
13/03/2017 18:49:12 (Std) 	Created WindowRendererFactory for 'Core/Listbox' WindowRenderers.
13/03/2017 18:49:12 (Std) 	WindowRendererFactory 'Core/Listbox' added. (05452080)
13/03/2017 18:49:12 (Std) 	Created WindowRendererFactory for 'Core/Menubar' WindowRenderers.
13/03/2017 18:49:12 (Std) 	WindowRendererFactory 'Core/Menubar' added. (05452B70)
13/03/2017 18:49:12 (Std) 	Created WindowRendererFactory for 'Core/MenuItem' WindowRenderers.
13/03/2017 18:49:12 (Std) 	WindowRendererFactory 'Core/MenuItem' added. (054534D0)
13/03/2017 18:49:12 (Std) 	Created WindowRendererFactory for 'Core/MultiColumnList' WindowRenderers.
13/03/2017 18:49:12 (Std) 	WindowRendererFactory 'Core/MultiColumnList' added. (05452148)
13/03/2017 18:49:12 (Std) 	Created WindowRendererFactory for 'Core/MultiLineEditbox' WindowRenderers.
13/03/2017 18:49:12 (Std) 	WindowRendererFactory 'Core/MultiLineEditbox' added. (054522D8)
13/03/2017 18:49:12 (Std) 	Created WindowRendererFactory for 'Core/PopupMenu' WindowRenderers.
13/03/2017 18:49:12 (Std) 	WindowRendererFactory 'Core/PopupMenu' added. (05452DC8)
13/03/2017 18:49:12 (Std) 	Created WindowRendererFactory for 'Core/ProgressBar' WindowRenderers.
13/03/2017 18:49:12 (Std) 	WindowRendererFactory 'Core/ProgressBar' added. (05453598)
13/03/2017 18:49:12 (Std) 	Created WindowRendererFactory for 'Core/ScrollablePane' WindowRenderers.
13/03/2017 18:49:12 (Std) 	WindowRendererFactory 'Core/ScrollablePane' added. (05452210)
13/03/2017 18:49:12 (Std) 	Created WindowRendererFactory for 'Core/Scrollbar' WindowRenderers.
13/03/2017 18:49:12 (Std) 	WindowRendererFactory 'Core/Scrollbar' added. (05452530)
13/03/2017 18:49:12 (Std) 	Created WindowRendererFactory for 'Core/Slider' WindowRenderers.
13/03/2017 18:49:12 (Std) 	WindowRendererFactory 'Core/Slider' added. (054523A0)
13/03/2017 18:49:12 (Std) 	Created WindowRendererFactory for 'Core/Static' WindowRenderers.
13/03/2017 18:49:12 (Std) 	WindowRendererFactory 'Core/Static' added. (05453020)
13/03/2017 18:49:12 (Std) 	Created WindowRendererFactory for 'Core/StaticImage' WindowRenderers.
13/03/2017 18:49:12 (Std) 	WindowRendererFactory 'Core/StaticImage' added. (05452468)
13/03/2017 18:49:12 (Std) 	Created WindowRendererFactory for 'Core/StaticText' WindowRenderers.
13/03/2017 18:49:12 (Std) 	WindowRendererFactory 'Core/StaticText' added. (05452D00)
13/03/2017 18:49:12 (Std) 	Created WindowRendererFactory for 'Core/TabButton' WindowRenderers.
13/03/2017 18:49:12 (Std) 	WindowRendererFactory 'Core/TabButton' added. (05452918)
13/03/2017 18:49:12 (Std) 	Created WindowRendererFactory for 'Core/TabControl' WindowRenderers.
13/03/2017 18:49:12 (Std) 	WindowRendererFactory 'Core/TabControl' added. (054525F8)
13/03/2017 18:49:12 (Std) 	Created WindowRendererFactory for 'Core/Titlebar' WindowRenderers.
13/03/2017 18:49:12 (Std) 	WindowRendererFactory 'Core/Titlebar' added. (05452C38)
13/03/2017 18:49:12 (Std) 	Created WindowRendererFactory for 'Core/ToggleButton' WindowRenderers.
13/03/2017 18:49:12 (Std) 	WindowRendererFactory 'Core/ToggleButton' added. (05452E90)
13/03/2017 18:49:12 (Std) 	Created WindowRendererFactory for 'Core/Tooltip' WindowRenderers.
13/03/2017 18:49:12 (Std) 	WindowRendererFactory 'Core/Tooltip' added. (05453278)
13/03/2017 18:49:12 (Std) 	Created WindowRendererFactory for 'Core/ItemListbox' WindowRenderers.
13/03/2017 18:49:12 (Std) 	WindowRendererFactory 'Core/ItemListbox' added. (054537F0)
13/03/2017 18:49:12 (Std) 	Created WindowRendererFactory for 'Core/Tree' WindowRenderers.
13/03/2017 18:49:12 (Std) 	WindowRendererFactory 'Core/Tree' added. (054538B8)
13/03/2017 18:49:12 (Std) 	Creating falagard mapping for type 'Vanilla/Label' using base type 'DefaultWindow', window renderer 'Core/Default' Look'N'Feel 'Vanilla/Label' and RenderEffect ''. (008FC960)
13/03/2017 18:49:12 (Std) 	Creating falagard mapping for type 'Vanilla/Titlebar' using base type 'CEGUI/Titlebar', window renderer 'Core/Titlebar' Look'N'Feel 'Vanilla/Titlebar' and RenderEffect ''. (008FC960)
13/03/2017 18:49:12 (Std) 	Creating falagard mapping for type 'Vanilla/Button' using base type 'CEGUI/PushButton', window renderer 'Core/Button' Look'N'Feel 'Vanilla/Button' and RenderEffect ''. (008FC960)
13/03/2017 18:49:12 (Std) 	Creating falagard mapping for type 'Vanilla/FrameWindow' using base type 'CEGUI/FrameWindow', window renderer 'Core/FrameWindow' Look'N'Feel 'Vanilla/FrameWindow' and RenderEffect ''. (008FC960)
13/03/2017 18:49:12 (Std) 	Creating falagard mapping for type 'Vanilla/Editbox' using base type 'CEGUI/Editbox', window renderer 'Core/Editbox' Look'N'Feel 'Vanilla/Editbox' and RenderEffect ''. (008FC960)
13/03/2017 18:49:12 (Std) 	Creating falagard mapping for type 'Vanilla/VerticalScrollbarThumb' using base type 'CEGUI/Thumb', window renderer 'Core/Button' Look'N'Feel 'Vanilla/VerticalScrollbarThumb' and RenderEffect ''. (008FC960)
13/03/2017 18:49:12 (Std) 	Creating falagard mapping for type 'Vanilla/VerticalScrollbar' using base type 'CEGUI/Scrollbar', window renderer 'Core/Scrollbar' Look'N'Feel 'Vanilla/VerticalScrollbar' and RenderEffect ''. (008FC960)
13/03/2017 18:49:12 (Std) 	Creating falagard mapping for type 'Vanilla/HorizontalScrollbarThumb' using base type 'CEGUI/Thumb', window renderer 'Core/Button' Look'N'Feel 'Vanilla/HorizontalScrollbarThumb' and RenderEffect ''. (008FC960)
13/03/2017 18:49:12 (Std) 	Creating falagard mapping for type 'Vanilla/HorizontalScrollbar' using base type 'CEGUI/Scrollbar', window renderer 'Core/Scrollbar' Look'N'Feel 'Vanilla/HorizontalScrollbar' and RenderEffect ''. (008FC960)
13/03/2017 18:49:12 (Std) 	Creating falagard mapping for type 'Vanilla/StaticImage' using base type 'DefaultWindow', window renderer 'Core/StaticImage' Look'N'Feel 'Vanilla/StaticImage' and RenderEffect ''. (008FC960)
13/03/2017 18:49:12 (Std) 	Creating falagard mapping for type 'Vanilla/StaticText' using base type 'DefaultWindow', window renderer 'Core/StaticText' Look'N'Feel 'Vanilla/StaticText' and RenderEffect ''. (008FC960)
13/03/2017 18:49:12 (Std) 	Creating falagard mapping for type 'Vanilla/Listbox' using base type 'CEGUI/Listbox', window renderer 'Core/Listbox' Look'N'Feel 'Vanilla/Listbox' and RenderEffect ''. (008FC960)
13/03/2017 18:49:12 (Std) 	Creating falagard mapping for type 'Vanilla/MultiLineEditbox' using base type 'CEGUI/MultiLineEditbox', window renderer 'Core/MultiLineEditbox' Look'N'Feel 'Vanilla/MultiLineEditbox' and RenderEffect ''. (008FC960)
13/03/2017 18:49:12 (Std) 	Creating falagard mapping for type 'Vanilla/ComboDropList' using base type 'CEGUI/ComboDropList', window renderer 'Core/Listbox' Look'N'Feel 'Vanilla/ComboDropList' and RenderEffect ''. (008FC960)
13/03/2017 18:49:12 (Std) 	Creating falagard mapping for type 'Vanilla/Combobox' using base type 'CEGUI/Combobox', window renderer 'Core/Default' Look'N'Feel 'Vanilla/Combobox' and RenderEffect ''. (008FC960)
13/03/2017 18:49:12 (Std) 	Creating falagard mapping for type 'Vanilla/ProgressBar' using base type 'CEGUI/ProgressBar', window renderer 'Core/ProgressBar' Look'N'Feel 'Vanilla/ProgressBar' and RenderEffect ''. (008FC960)
13/03/2017 18:49:12 (Std) 	Creating falagard mapping for type 'Vanilla/Checkbox' using base type 'CEGUI/ToggleButton', window renderer 'Core/ToggleButton' Look'N'Feel 'Vanilla/Checkbox' and RenderEffect ''. (008FC960)
13/03/2017 18:49:12 (Std) 	Creating falagard mapping for type 'Vanilla/RadioButton' using base type 'CEGUI/RadioButton', window renderer 'Core/ToggleButton' Look'N'Feel 'Vanilla/RadioButton' and RenderEffect ''. (008FC960)
13/03/2017 18:49:12 (Std) 	Creating falagard mapping for type 'Vanilla/Tooltip' using base type 'CEGUI/Tooltip', window renderer 'Core/Tooltip' Look'N'Feel 'Vanilla/Tooltip' and RenderEffect ''. (008FC960)
13/03/2017 18:49:12 (Std) 	[IrrlichtRenderer] Created texture: DejaVuSans-10_auto_glyph_images_32
