c:\users\hector\documents\visual studio 2015\projects\componentes\componentes\debug\vc140.pdb
c:\users\hector\documents\visual studio 2015\projects\componentes\componentes\debug\vc140.idb
c:\users\hector\documents\visual studio 2015\projects\componentes\componentes\debug\accionssystem.obj
c:\users\hector\documents\visual studio 2015\projects\componentes\componentes\debug\camarasystem.obj
c:\users\hector\documents\visual studio 2015\projects\componentes\componentes\debug\disparosystem.obj
c:\users\hector\documents\visual studio 2015\projects\componentes\componentes\debug\handlemoversystem.obj
c:\users\hector\documents\visual studio 2015\projects\componentes\componentes\debug\movesystem.obj
c:\users\hector\documents\visual studio 2015\projects\componentes\componentes\debug\playersystem.obj
c:\users\hector\documents\visual studio 2015\projects\componentes\componentes\debug\rotarsystem.obj
c:\users\hector\documents\visual studio 2015\projects\componentes\componentes\debug\system.obj
c:\users\hector\documents\visual studio 2015\projects\componentes\componentes\debug\cappreceiver.obj
c:\users\hector\documents\visual studio 2015\projects\componentes\componentes\debug\entity2d.obj
c:\users\hector\documents\visual studio 2015\projects\componentes\componentes\debug\facadecolision.obj
c:\users\hector\documents\visual studio 2015\projects\componentes\componentes\debug\facademotorgrafico.obj
c:\users\hector\documents\visual studio 2015\projects\componentes\componentes\debug\raycastcallback.obj
c:\users\hector\documents\visual studio 2015\projects\componentes\componentes\debug\gameclock.obj
c:\users\hector\documents\visual studio 2015\projects\componentes\componentes\debug\main.obj
c:\users\hector\documents\visual studio 2015\projects\componentes\componentes\debug\micontactlistener.obj
c:\users\hector\documents\visual studio 2015\projects\componentes\componentes\debug\mycontactfilter.obj
c:\users\hector\documents\visual studio 2015\projects\componentes\componentes\debug\readjson.obj
c:\users\hector\documents\visual studio 2015\projects\componentes\componentes\debug\vector2g.obj
c:\users\hector\documents\visual studio 2015\projects\componentes\componentes\debug\vector3g.obj
c:\users\hector\documents\visual studio 2015\projects\componentes\componentes\debug\balacomponent.obj
c:\users\hector\documents\visual studio 2015\projects\componentes\componentes\debug\camaracomponent.obj
c:\users\hector\documents\visual studio 2015\projects\componentes\componentes\debug\cargadorcomponent.obj
c:\users\hector\documents\visual studio 2015\projects\componentes\componentes\debug\colisioncomponent.obj
c:\users\hector\documents\visual studio 2015\projects\componentes\componentes\debug\componente.obj
c:\users\hector\documents\visual studio 2015\projects\componentes\componentes\debug\escenariocomponent.obj
c:\users\hector\documents\visual studio 2015\projects\componentes\componentes\debug\handlemovercomponent.obj
c:\users\hector\documents\visual studio 2015\projects\componentes\componentes\debug\healthcomponent.obj
c:\users\hector\documents\visual studio 2015\projects\componentes\componentes\debug\playercomponent.obj
c:\users\hector\documents\visual studio 2015\projects\componentes\componentes\debug\rendercomponent.obj
c:\users\hector\documents\visual studio 2015\projects\componentes\componentes\debug\statemachinecomponent.obj
c:\users\hector\documents\visual studio 2015\projects\componentes\componentes\debug\transformcomponent.obj
c:\users\hector\documents\visual studio 2015\projects\componentes\componentes\debug\velocitycomponent.obj
c:\users\hector\documents\visual studio 2015\projects\componentes\componentes\debug\diccionarioenco.obj
c:\users\hector\documents\visual studio 2015\projects\componentes\componentes\debug\entitymanager.obj
c:\users\hector\documents\visual studio 2015\projects\componentes\componentes\debug\gameentity.obj
c:\users\hector\documents\visual studio 2015\projects\componentes\componentes\debug\vectorentity.obj
c:\users\hector\documents\visual studio 2015\projects\componentes\debug\componentes.pdb
c:\users\hector\documents\visual studio 2015\projects\componentes\componentes\debug\componentes.tlog\cl.command.1.tlog
c:\users\hector\documents\visual studio 2015\projects\componentes\componentes\debug\componentes.tlog\cl.read.1.tlog
c:\users\hector\documents\visual studio 2015\projects\componentes\componentes\debug\componentes.tlog\cl.write.1.tlog
c:\users\hector\documents\visual studio 2015\projects\componentes\componentes\debug\componentes.tlog\link-cvtres.read.1.tlog
c:\users\hector\documents\visual studio 2015\projects\componentes\componentes\debug\componentes.tlog\link-cvtres.write.1.tlog
c:\users\hector\documents\visual studio 2015\projects\componentes\componentes\debug\componentes.tlog\link-rc.read.1.tlog
c:\users\hector\documents\visual studio 2015\projects\componentes\componentes\debug\componentes.tlog\link-rc.write.1.tlog
c:\users\hector\documents\visual studio 2015\projects\componentes\componentes\debug\componentes.tlog\link.command.1.tlog
c:\users\hector\documents\visual studio 2015\projects\componentes\componentes\debug\componentes.tlog\link.read.1.tlog
c:\users\hector\documents\visual studio 2015\projects\componentes\componentes\debug\componentes.tlog\link.write.1.tlog
