c:\users\david\documents\github\code\desarrollo\starship1414vs\starship1414vs\debug\vc140.pdb
c:\users\david\documents\github\code\desarrollo\starship1414vs\starship1414vs\debug\vc140.idb
c:\users\david\documents\github\code\desarrollo\starship1414vs\starship1414vs\debug\entity2d.obj
c:\users\david\documents\github\code\desarrollo\starship1414vs\starship1414vs\debug\micontactlistener.obj
c:\users\david\documents\github\code\desarrollo\starship1414vs\starship1414vs\debug\raycastcallback.obj
c:\users\david\documents\github\code\desarrollo\starship1414vs\starship1414vs\debug\game.obj
c:\users\david\documents\github\code\desarrollo\starship1414vs\starship1414vs\debug\intro.obj
c:\users\david\documents\github\code\desarrollo\starship1414vs\starship1414vs\debug\arma.obj
c:\users\david\documents\github\code\desarrollo\starship1414vs\starship1414vs\debug\escopeta.obj
c:\users\david\documents\github\code\desarrollo\starship1414vs\starship1414vs\debug\fusil.obj
c:\users\david\documents\github\code\desarrollo\starship1414vs\starship1414vs\debug\personaje.obj
c:\users\david\documents\github\code\desarrollo\starship1414vs\starship1414vs\debug\pistola.obj
c:\users\david\documents\github\code\desarrollo\starship1414vs\starship1414vs\debug\main.obj
c:\users\david\documents\github\code\desarrollo\starship1414vs\starship1414vs\debug\manejadorestadogeneral.obj
c:\users\david\documents\github\code\desarrollo\starship1414vs\starship1414vs\debug\maquinaestados.obj
c:\users\david\documents\github\code\desarrollo\starship1414vs\starship1414vs\debug\menu.obj
c:\users\david\documents\github\code\desarrollo\starship1414vs\starship1414vs\debug\nodo.obj
c:\users\david\documents\github\code\desarrollo\starship1414vs\starship1414vs\debug\municionpistola.obj
c:\users\david\documents\github\code\desarrollo\starship1414vs\starship1414vs\debug\municionescopeta.obj
c:\users\david\documents\github\code\desarrollo\starship1414vs\starship1414vs\debug\cappreceiver.obj
c:\users\david\documents\github\code\desarrollo\starship1414vs\starship1414vs\debug\alienberserker.obj
c:\users\david\documents\github\code\desarrollo\starship1414vs\starship1414vs\debug\criaalien.obj
c:\users\david\documents\github\code\desarrollo\starship1414vs\starship1414vs\debug\enemigo.obj
c:\users\david\documents\github\code\desarrollo\starship1414vs\starship1414vs\debug\navmeshes.obj
c:\users\david\documents\github\code\desarrollo\starship1414vs\starship1414vs\debug\waypoints.obj
c:\users\david\documents\github\code\desarrollo\starship1414vs\starship1414vs\debug\camara.obj
c:\users\david\documents\github\code\desarrollo\starship1414vs\starship1414vs\debug\llave.obj
c:\users\david\documents\github\code\desarrollo\starship1414vs\starship1414vs\debug\municion.obj
c:\users\david\documents\github\code\desarrollo\starship1414vs\starship1414vs\debug\objetos.obj
c:\users\david\documents\github\code\desarrollo\starship1414vs\starship1414vs\debug\municionsubfusil.obj
c:\users\david\documents\github\code\desarrollo\starship1414vs\starship1414vs\debug\pared.obj
c:\users\david\documents\github\code\desarrollo\starship1414vs\starship1414vs\debug\puerta.obj
c:\users\david\documents\github\code\desarrollo\starship1414vs\starship1414vs\debug\terminal.obj
c:\users\david\documents\github\code\desarrollo\starship1414vs\starship1414vs\debug\estadogeneral.obj
c:\users\david\documents\github\code\desarrollo\starship1414vs\starship1414vs\debug\inventario.obj
c:\users\david\documents\github\code\desarrollo\starship1414vs\starship1414vs\debug\logicadifusa.obj
c:\users\david\documents\github\code\desarrollo\starship1414vs\starship1414vs\debug\estados.obj
c:\users\david\documents\github\code\desarrollo\starship1414vs\starship1414vs\debug\behaivortree.obj
c:\users\david\documents\github\code\desarrollo\starship1414vs\starship1414vs\debug\flocking.obj
c:\users\david\documents\github\code\desarrollo\starship1414vs\starship1414vs\debug\botiquines.obj
c:\users\david\documents\github\code\desarrollo\starship1414vs\starship1414vs\debug\astar.obj
c:\users\david\documents\github\code\desarrollo\starship1414vs\starship1414vs\debug\starship1414vs.tlog\cl.command.1.tlog
c:\users\david\documents\github\code\desarrollo\starship1414vs\starship1414vs\debug\starship1414vs.tlog\cl.read.1.tlog
c:\users\david\documents\github\code\desarrollo\starship1414vs\starship1414vs\debug\starship1414vs.tlog\cl.write.1.tlog
