  TTransform.cpp
  Generando código...
  Compilando...
  Escenario.cpp
c:\users\david\documents\github\code\desarrollo\spaceship1414\spaceship1414\escenario.h(97): warning C4138: '*/' se encontró fuera del comentario
c:\users\david\documents\github\code\desarrollo\spaceship1414\spaceship1414\escenario.cpp(46): warning C4244: 'argumento': conversión de 'time_t' a 'unsigned int'; posible pérdida de datos
c:\users\david\documents\github\code\desarrollo\spaceship1414\spaceship1414\escenario.cpp(259): warning C4244: '=': conversión de 'double' a 'float'; posible pérdida de datos
c:\users\david\documents\github\code\desarrollo\spaceship1414\spaceship1414\escenario.cpp(260): warning C4244: '=': conversión de 'double' a 'float'; posible pérdida de datos
c:\users\david\documents\github\code\desarrollo\spaceship1414\spaceship1414\escenario.cpp(261): warning C4244: '=': conversión de 'double' a 'float'; posible pérdida de datos
c:\users\david\documents\github\code\desarrollo\spaceship1414\spaceship1414\escenario.cpp(263): warning C4244: '=': conversión de 'double' a 'float'; posible pérdida de datos
c:\users\david\documents\github\code\desarrollo\spaceship1414\spaceship1414\escenario.cpp(264): warning C4244: '=': conversión de 'double' a 'float'; posible pérdida de datos
c:\users\david\documents\github\code\desarrollo\spaceship1414\spaceship1414\escenario.cpp(265): warning C4244: '=': conversión de 'double' a 'float'; posible pérdida de datos
c:\users\david\documents\github\code\desarrollo\spaceship1414\spaceship1414\escenario.cpp(267): warning C4244: '=': conversión de 'double' a 'float'; posible pérdida de datos
c:\users\david\documents\github\code\desarrollo\spaceship1414\spaceship1414\escenario.cpp(268): warning C4244: '=': conversión de 'double' a 'float'; posible pérdida de datos
c:\users\david\documents\github\code\desarrollo\spaceship1414\spaceship1414\escenario.cpp(269): warning C4244: '=': conversión de 'double' a 'float'; posible pérdida de datos
c:\users\david\documents\github\code\desarrollo\spaceship1414\spaceship1414\escenario.cpp(179): warning C4101: 'nodoTransfTM1': variable local sin referencia
c:\users\david\documents\github\code\desarrollo\spaceship1414\spaceship1414\escenario.cpp(181): warning C4101: 'paredTM': variable local sin referencia
c:\users\david\documents\github\code\desarrollo\spaceship1414\spaceship1414\escenario.cpp(177): warning C4101: 'nodoTransfRM1': variable local sin referencia
c:\users\david\documents\github\code\desarrollo\spaceship1414\spaceship1414\escenario.cpp(182): warning C4101: 'paredes': variable local sin referencia
c:\users\david\documents\github\code\desarrollo\spaceship1414\spaceship1414\escenario.cpp(180): warning C4101: 'nodoMalla1': variable local sin referencia
c:\users\david\documents\github\code\desarrollo\spaceship1414\spaceship1414\escenario.cpp(178): warning C4101: 'nodoTransfEM1': variable local sin referencia
  Generando código...
  Compilando...
  player.cpp
c:\users\david\documents\github\code\desarrollo\spaceship1414\spaceship1414\player.cpp(159): warning C4244: 'argumento': conversión de 'double' a 'float'; posible pérdida de datos
c:\users\david\documents\github\code\desarrollo\spaceship1414\spaceship1414\player.cpp(165): warning C4244: 'argumento': conversión de 'double' a 'float'; posible pérdida de datos
c:\users\david\documents\github\code\desarrollo\spaceship1414\spaceship1414\player.cpp(171): warning C4244: 'argumento': conversión de 'double' a 'float'; posible pérdida de datos
c:\users\david\documents\github\code\desarrollo\spaceship1414\spaceship1414\player.cpp(178): warning C4244: 'argumento': conversión de 'double' a 'float'; posible pérdida de datos
  main.cpp
c:\users\david\documents\github\code\desarrollo\spaceship1414\spaceship1414\escenario.h(97): warning C4138: '*/' se encontró fuera del comentario
  TGraphicEngine.cpp
c:\users\david\documents\github\code\desarrollo\spaceship1414\spaceship1414\graphicengine\tgraphicengine.cpp(165): warning C4244: 'argumento': conversión de 'double' a 'float32'; posible pérdida de datos
c:\users\david\documents\github\code\desarrollo\spaceship1414\spaceship1414\graphicengine\tgraphicengine.cpp(171): warning C4244: 'argumento': conversión de 'int' a 'float32'; posible pérdida de datos
c:\users\david\documents\github\code\desarrollo\spaceship1414\spaceship1414\graphicengine\tgraphicengine.cpp(192): warning C4244: 'argumento': conversión de 'double' a 'float32'; posible pérdida de datos
  Pared.cpp
  MallaFisica.cpp
  Mundo.cpp
c:\users\david\documents\github\code\desarrollo\spaceship1414\spaceship1414\fisicas\mundo.cpp(39): warning C4244: 'argumento': conversión de 'double' a 'float32'; posible pérdida de datos
  Generando código...
  spaceShip1414.vcxproj -> C:\Users\David\Documents\GitHub\code\DESARROLLO\spaceShip1414\x64\Debug\spaceShip1414.exe
  spaceShip1414.vcxproj -> C:\Users\David\Documents\GitHub\code\DESARROLLO\spaceShip1414\x64\Debug\spaceShip1414.pdb (Partial PDB)
