  TRecursoTextura.cpp
  TRecursoMalla.cpp
  TRecurso.cpp
  TGestorRecursos.cpp
  player.cpp
  movimentHandler.cpp
  main.cpp
  TGraphicEngine.cpp
  openGLShader.cpp
  TTransform.cpp
  TNodo.cpp
  TMalla.cpp
  TLuz.cpp
  TEntidad.cpp
  TCamara.cpp
  Generando código...
LINK : warning LNK4098: la biblioteca predeterminada'MSVCRT' entra en conflicto con otras bibliotecas; use la biblioteca /NODEFAULTLIB:biblioteca
LINK : warning LNK4098: la biblioteca predeterminada'LIBCMT' entra en conflicto con otras bibliotecas; use la biblioteca /NODEFAULTLIB:biblioteca
glew32s.lib(glew.obj) : warning LNK4099: no se encontró PDB 'vc120.pdb' con 'glew32s.lib(glew.obj)' o en 'D:\Documents\GitHub\code\DESARROLLO\[TAG]GraphicEngine\x64\Debug\vc120.pdb'; se vinculará el objeto sin tener en cuenta información de depuración
  [TAG]GraphicEngine.vcxproj -> D:\Documents\GitHub\code\DESARROLLO\[TAG]GraphicEngine\x64\Debug\[TAG]GraphicEngine.exe
  [TAG]GraphicEngine.vcxproj -> D:\Documents\GitHub\code\DESARROLLO\[TAG]GraphicEngine\x64\Debug\[TAG]GraphicEngine.pdb (Partial PDB)
