c:\users\hector\desktop\repositorio\abp\code\desarrollo\[tag]graphicengine\[tag]graphicengine\x64\debug\vc140.pdb
c:\users\hector\desktop\repositorio\abp\code\desarrollo\[tag]graphicengine\[tag]graphicengine\x64\debug\vc140.idb
c:\users\hector\desktop\repositorio\abp\code\desarrollo\[tag]graphicengine\[tag]graphicengine\x64\debug\tcamara.obj
c:\users\hector\desktop\repositorio\abp\code\desarrollo\[tag]graphicengine\[tag]graphicengine\x64\debug\tluz.obj
c:\users\hector\desktop\repositorio\abp\code\desarrollo\[tag]graphicengine\[tag]graphicengine\x64\debug\tmalla.obj
c:\users\hector\desktop\repositorio\abp\code\desarrollo\[tag]graphicengine\[tag]graphicengine\x64\debug\tnodo.obj
c:\users\hector\desktop\repositorio\abp\code\desarrollo\[tag]graphicengine\[tag]graphicengine\x64\debug\ttransform.obj
c:\users\hector\desktop\repositorio\abp\code\desarrollo\[tag]graphicengine\[tag]graphicengine\x64\debug\ttriangle.obj
c:\users\hector\desktop\repositorio\abp\code\desarrollo\[tag]graphicengine\[tag]graphicengine\x64\debug\openglshader.obj
c:\users\hector\desktop\repositorio\abp\code\desarrollo\[tag]graphicengine\[tag]graphicengine\x64\debug\openglwindow.obj
c:\users\hector\desktop\repositorio\abp\code\desarrollo\[tag]graphicengine\[tag]graphicengine\x64\debug\main.obj
c:\users\hector\desktop\repositorio\abp\code\desarrollo\[tag]graphicengine\[tag]graphicengine\x64\debug\tgestorrecursos.obj
c:\users\hector\desktop\repositorio\abp\code\desarrollo\[tag]graphicengine\[tag]graphicengine\x64\debug\trecurso.obj
c:\users\hector\desktop\repositorio\abp\code\desarrollo\[tag]graphicengine\[tag]graphicengine\x64\debug\trecursocamera.obj
c:\users\hector\desktop\repositorio\abp\code\desarrollo\[tag]graphicengine\[tag]graphicengine\x64\debug\trecursomalla.obj
c:\users\hector\desktop\repositorio\abp\code\desarrollo\[tag]graphicengine\[tag]graphicengine\x64\debug\trecursotextura.obj
c:\users\hector\desktop\repositorio\abp\code\desarrollo\[tag]graphicengine\[tag]graphicengine\x64\debug\trecursotriangle.obj
c:\users\hector\desktop\repositorio\abp\code\desarrollo\[tag]graphicengine\x64\debug\[tag]graphicengine.ilk
c:\users\hector\desktop\repositorio\abp\code\desarrollo\[tag]graphicengine\x64\debug\[tag]graphicengine.exe
c:\users\hector\desktop\repositorio\abp\code\desarrollo\[tag]graphicengine\x64\debug\[tag]graphicengine.pdb
c:\users\hector\desktop\repositorio\abp\code\desarrollo\[tag]graphicengine\[tag]graphicengine\x64\debug\[tag]gra.a03b2cde.tlog\cl.command.1.tlog
c:\users\hector\desktop\repositorio\abp\code\desarrollo\[tag]graphicengine\[tag]graphicengine\x64\debug\[tag]gra.a03b2cde.tlog\cl.read.1.tlog
c:\users\hector\desktop\repositorio\abp\code\desarrollo\[tag]graphicengine\[tag]graphicengine\x64\debug\[tag]gra.a03b2cde.tlog\cl.write.1.tlog
c:\users\hector\desktop\repositorio\abp\code\desarrollo\[tag]graphicengine\[tag]graphicengine\x64\debug\[tag]gra.a03b2cde.tlog\link.command.1.tlog
c:\users\hector\desktop\repositorio\abp\code\desarrollo\[tag]graphicengine\[tag]graphicengine\x64\debug\[tag]gra.a03b2cde.tlog\link.read.1.tlog
c:\users\hector\desktop\repositorio\abp\code\desarrollo\[tag]graphicengine\[tag]graphicengine\x64\debug\[tag]gra.a03b2cde.tlog\link.write.1.tlog
