13/03/2017 18:45:30 (Std) 	+-+-+-+-+-+-+-+-+-+-+-+-+-+-+-+-+-+-+-+-+-+-+-+-+-+-+-+-+-+-+-+-+-+-+-+-+-+-+-+
13/03/2017 18:45:30 (Std) 	+                     Crazy Eddie's GUI System - Event log                    +
13/03/2017 18:45:30 (Std) 	+                          (http://www.cegui.org.uk/)                         +
13/03/2017 18:45:30 (Std) 	+-+-+-+-+-+-+-+-+-+-+-+-+-+-+-+-+-+-+-+-+-+-+-+-+-+-+-+-+-+-+-+-+-+-+-+-+-+-+-+

13/03/2017 18:45:30 (Std) 	CEGUI::Logger singleton created. (064CFC30)
13/03/2017 18:45:30 (Std) 	
13/03/2017 18:45:30 (Std) 	********************************************************************************
13/03/2017 18:45:30 (Std) 	* Important:                                                                   *
13/03/2017 18:45:30 (Std) 	*     To get support at the CEGUI forums, you must post _at least_ the section *
13/03/2017 18:45:30 (Std) 	*     of this log file indicated below.  Failure to do this will result in no  *
13/03/2017 18:45:30 (Std) 	*     support being given; please do not waste our time.                       *
13/03/2017 18:45:30 (Std) 	********************************************************************************
13/03/2017 18:45:30 (Std) 	********************************************************************************
13/03/2017 18:45:30 (Std) 	* -------- START OF ESSENTIAL SECTION TO BE POSTED ON THE FORUM       -------- *
13/03/2017 18:45:30 (Std) 	********************************************************************************
13/03/2017 18:45:30 (Std) 	---- Version: 0.8.7 (Build: Feb 27 2017 Debug Microsoft Windows MSVC++ 14.0 (2015) 32 bit) ----
13/03/2017 18:45:30 (Std) 	---- Renderer module is: CEGUI::IrrlichtRenderer - Official Irrlicht based 2nd generation renderer module.  RenderTarget support is enabled. ----
13/03/2017 18:45:30 (Std) 	---- XML Parser module is: CEGUI::ExpatParser - Official expat based parser module for CEGUI ----
13/03/2017 18:45:30 (Std) 	---- Image Codec module is: IrrlichtImageCodec - Integrated ImageCodec using the Irrlicht engine. ----
13/03/2017 18:45:30 (Std) 	---- Scripting module is: None ----
13/03/2017 18:45:30 (Std) 	********************************************************************************
13/03/2017 18:45:30 (Std) 	* -------- END OF ESSENTIAL SECTION TO BE POSTED ON THE FORUM         -------- *
13/03/2017 18:45:30 (Std) 	********************************************************************************
13/03/2017 18:45:30 (Std) 	
13/03/2017 18:45:30 (Std) 	---- Begining CEGUI System initialisation ----
13/03/2017 18:45:30 (Std) 	[CEGUI::ImageManager] Singleton created (04A816D0)
13/03/2017 18:45:30 (Std) 	[CEGUI::ImageManager] Registered Image type: BasicImage
13/03/2017 18:45:30 (Std) 	CEGUI::FontManager singleton created. (064D28F8)
13/03/2017 18:45:30 (Std) 	CEGUI::WindowFactoryManager singleton created
13/03/2017 18:45:30 (Std) 	CEGUI::WindowManager singleton created (064D1B88)
13/03/2017 18:45:30 (Std) 	CEGUI::SchemeManager singleton created. (064D3360)
13/03/2017 18:45:30 (Std) 	CEGUI::GlobalEventSet singleton created. (04AB9B90)
13/03/2017 18:45:30 (Std) 	CEGUI::AnimationManager singleton created (049FCBD8)
13/03/2017 18:45:30 (Std) 	CEGUI::WidgetLookManager singleton created. (01501C80)
13/03/2017 18:45:30 (Std) 	CEGUI::WindowRendererManager singleton created (01501700)
13/03/2017 18:45:30 (Std) 	CEGUI::RenderEffectManager singleton created (04AB9C68)
13/03/2017 18:45:30 (Std) 	Created WindowFactory for 'DefaultWindow' windows.
13/03/2017 18:45:30 (Std) 	WindowFactory for 'DefaultWindow' windows added. (04B36198)
13/03/2017 18:45:30 (Std) 	Created WindowFactory for 'DragContainer' windows.
13/03/2017 18:45:30 (Std) 	WindowFactory for 'DragContainer' windows added. (04B36260)
13/03/2017 18:45:30 (Std) 	Created WindowFactory for 'ScrolledContainer' windows.
13/03/2017 18:45:30 (Std) 	WindowFactory for 'ScrolledContainer' windows added. (04B376B0)
13/03/2017 18:45:30 (Std) 	Created WindowFactory for 'ClippedContainer' windows.
13/03/2017 18:45:30 (Std) 	WindowFactory for 'ClippedContainer' windows added. (04B36FA8)
13/03/2017 18:45:30 (Std) 	Created WindowFactory for 'CEGUI/PushButton' windows.
13/03/2017 18:45:30 (Std) 	WindowFactory for 'CEGUI/PushButton' windows added. (04B36710)
13/03/2017 18:45:30 (Std) 	Created WindowFactory for 'CEGUI/RadioButton' windows.
13/03/2017 18:45:30 (Std) 	WindowFactory for 'CEGUI/RadioButton' windows added. (04B36328)
13/03/2017 18:45:30 (Std) 	Created WindowFactory for 'CEGUI/Combobox' windows.
13/03/2017 18:45:30 (Std) 	WindowFactory for 'CEGUI/Combobox' windows added. (04B36580)
13/03/2017 18:45:30 (Std) 	Created WindowFactory for 'CEGUI/ComboDropList' windows.
13/03/2017 18:45:30 (Std) 	WindowFactory for 'CEGUI/ComboDropList' windows added. (04B367D8)
13/03/2017 18:45:30 (Std) 	Created WindowFactory for 'CEGUI/Editbox' windows.
13/03/2017 18:45:30 (Std) 	WindowFactory for 'CEGUI/Editbox' windows added. (04B368A0)
13/03/2017 18:45:30 (Std) 	Created WindowFactory for 'CEGUI/FrameWindow' windows.
13/03/2017 18:45:30 (Std) 	WindowFactory for 'CEGUI/FrameWindow' windows added. (04B36968)
13/03/2017 18:45:30 (Std) 	Created WindowFactory for 'CEGUI/ItemEntry' windows.
13/03/2017 18:45:30 (Std) 	WindowFactory for 'CEGUI/ItemEntry' windows added. (04B36A30)
13/03/2017 18:45:30 (Std) 	Created WindowFactory for 'CEGUI/Listbox' windows.
13/03/2017 18:45:30 (Std) 	WindowFactory for 'CEGUI/Listbox' windows added. (04B36AF8)
13/03/2017 18:45:30 (Std) 	Created WindowFactory for 'CEGUI/ListHeader' windows.
13/03/2017 18:45:30 (Std) 	WindowFactory for 'CEGUI/ListHeader' windows added. (04B36BC0)
13/03/2017 18:45:30 (Std) 	Created WindowFactory for 'CEGUI/ListHeaderSegment' windows.
13/03/2017 18:45:30 (Std) 	WindowFactory for 'CEGUI/ListHeaderSegment' windows added. (04B36C88)
13/03/2017 18:45:30 (Std) 	Created WindowFactory for 'CEGUI/Menubar' windows.
13/03/2017 18:45:30 (Std) 	WindowFactory for 'CEGUI/Menubar' windows added. (04B37E80)
13/03/2017 18:45:30 (Std) 	Created WindowFactory for 'CEGUI/PopupMenu' windows.
13/03/2017 18:45:30 (Std) 	WindowFactory for 'CEGUI/PopupMenu' windows added. (04B37B60)
13/03/2017 18:45:30 (Std) 	Created WindowFactory for 'CEGUI/MenuItem' windows.
13/03/2017 18:45:30 (Std) 	WindowFactory for 'CEGUI/MenuItem' windows added. (04B38010)
13/03/2017 18:45:30 (Std) 	Created WindowFactory for 'CEGUI/MultiColumnList' windows.
13/03/2017 18:45:30 (Std) 	WindowFactory for 'CEGUI/MultiColumnList' windows added. (04B37C28)
13/03/2017 18:45:30 (Std) 	Created WindowFactory for 'CEGUI/MultiLineEditbox' windows.
13/03/2017 18:45:30 (Std) 	WindowFactory for 'CEGUI/MultiLineEditbox' windows added. (04B37A98)
13/03/2017 18:45:30 (Std) 	Created WindowFactory for 'CEGUI/ProgressBar' windows.
13/03/2017 18:45:30 (Std) 	WindowFactory for 'CEGUI/ProgressBar' windows added. (04B37CF0)
13/03/2017 18:45:30 (Std) 	Created WindowFactory for 'CEGUI/ScrollablePane' windows.
13/03/2017 18:45:30 (Std) 	WindowFactory for 'CEGUI/ScrollablePane' windows added. (04B37F48)
13/03/2017 18:45:30 (Std) 	Created WindowFactory for 'CEGUI/Scrollbar' windows.
13/03/2017 18:45:30 (Std) 	WindowFactory for 'CEGUI/Scrollbar' windows added. (04B37DB8)
13/03/2017 18:45:30 (Std) 	Created WindowFactory for 'CEGUI/Slider' windows.
13/03/2017 18:45:30 (Std) 	WindowFactory for 'CEGUI/Slider' windows added. (064E8428)
13/03/2017 18:45:30 (Std) 	Created WindowFactory for 'CEGUI/Spinner' windows.
13/03/2017 18:45:30 (Std) 	WindowFactory for 'CEGUI/Spinner' windows added. (064E7AC8)
13/03/2017 18:45:30 (Std) 	Created WindowFactory for 'CEGUI/TabButton' windows.
13/03/2017 18:45:30 (Std) 	WindowFactory for 'CEGUI/TabButton' windows added. (064E7D20)
13/03/2017 18:45:30 (Std) 	Created WindowFactory for 'CEGUI/TabControl' windows.
13/03/2017 18:45:30 (Std) 	WindowFactory for 'CEGUI/TabControl' windows added. (064E8D88)
13/03/2017 18:45:30 (Std) 	Created WindowFactory for 'CEGUI/Thumb' windows.
13/03/2017 18:45:30 (Std) 	WindowFactory for 'CEGUI/Thumb' windows added. (064E81D0)
13/03/2017 18:45:30 (Std) 	Created WindowFactory for 'CEGUI/Titlebar' windows.
13/03/2017 18:45:30 (Std) 	WindowFactory for 'CEGUI/Titlebar' windows added. (064E85B8)
13/03/2017 18:45:30 (Std) 	Created WindowFactory for 'CEGUI/ToggleButton' windows.
13/03/2017 18:45:30 (Std) 	WindowFactory for 'CEGUI/ToggleButton' windows added. (064E8A68)
13/03/2017 18:45:30 (Std) 	Created WindowFactory for 'CEGUI/Tooltip' windows.
13/03/2017 18:45:30 (Std) 	WindowFactory for 'CEGUI/Tooltip' windows added. (064E9238)
13/03/2017 18:45:30 (Std) 	Created WindowFactory for 'CEGUI/ItemListbox' windows.
13/03/2017 18:45:30 (Std) 	WindowFactory for 'CEGUI/ItemListbox' windows added. (064E88D8)
13/03/2017 18:45:30 (Std) 	Created WindowFactory for 'CEGUI/GroupBox' windows.
13/03/2017 18:45:30 (Std) 	WindowFactory for 'CEGUI/GroupBox' windows added. (064E7F78)
13/03/2017 18:45:30 (Std) 	Created WindowFactory for 'CEGUI/Tree' windows.
13/03/2017 18:45:30 (Std) 	WindowFactory for 'CEGUI/Tree' windows added. (064E8E50)
13/03/2017 18:45:30 (Std) 	Created WindowFactory for 'LayoutCell' windows.
13/03/2017 18:45:30 (Std) 	WindowFactory for 'LayoutCell' windows added. (064E9170)
13/03/2017 18:45:30 (Std) 	Created WindowFactory for 'HorizontalLayoutContainer' windows.
13/03/2017 18:45:30 (Std) 	WindowFactory for 'HorizontalLayoutContainer' windows added. (064E8FE0)
13/03/2017 18:45:30 (Std) 	Created WindowFactory for 'VerticalLayoutContainer' windows.
13/03/2017 18:45:30 (Std) 	WindowFactory for 'VerticalLayoutContainer' windows added. (064E8B30)
13/03/2017 18:45:30 (Std) 	Created WindowFactory for 'GridLayoutContainer' windows.
13/03/2017 18:45:30 (Std) 	WindowFactory for 'GridLayoutContainer' windows added. (064E7EB0)
13/03/2017 18:45:30 (Std) 	CEGUI::System singleton created. (064CF7E0)
13/03/2017 18:45:30 (Std) 	---- CEGUI System initialisation completed ----
13/03/2017 18:45:30 (Std) 	
13/03/2017 18:45:30 (Error)	CEGUI::InvalidRequestException in function 'void __thiscall CEGUI::IrrlichtResourceProvider::loadRawDataContainer(const class CEGUI::String &,class CEGUI::RawDataContainer &,const class CEGUI::String &)' (C:\Users\Samuel\Desktop\cegui-0.8.7\cegui\src\RendererModules\Irrlicht\ResourceProvider.cpp:65) : Filename supplied for loading must be valid [Librerias/CEGUI/GUI/schemes/VanillaSkin.scheme]
13/03/2017 18:45:30 (Error)	========== Start of Backtrace ==========
13/03/2017 18:45:30 (Error)	#0 CEGUI::Exception::Exception +0x31c (C:\Users\Samuel\Desktop\Starship1414VS\Debug\CEGUIBase-0_d.dll)
13/03/2017 18:45:30 (Error)	#1 CEGUI::InvalidRequestException::InvalidRequestException +0x79 (C:\Users\Samuel\Desktop\Starship1414VS\Debug\CEGUIBase-0_d.dll)
13/03/2017 18:45:30 (Error)	#2 protected: void __thiscall CEGUI::IrrlichtGeometryBuffer::updateMatrix(void)const  +0x28452 (C:\Users\Samuel\Desktop\Starship1414VS\Debug\CEGUIIrrlichtRenderer-0_d.dll)
13/03/2017 18:45:30 (Error)	#3 CEGUI::XMLParser::parseXMLFile +0x132 (C:\Users\Samuel\Desktop\Starship1414VS\Debug\CEGUIBase-0_d.dll)
13/03/2017 18:45:30 (Error)	#4 CEGUI::XMLHandler::handleFile +0x93 (C:\Users\Samuel\Desktop\Starship1414VS\Debug\CEGUIBase-0_d.dll)
13/03/2017 18:45:30 (Error)	#5 CEGUI::NamedXMLResourceManager<CEGUI::Scheme,CEGUI::Scheme_xmlHandler>::createFromFile +0x59 (C:\Users\Samuel\Desktop\Starship1414VS\Debug\CEGUIBase-0_d.dll)
13/03/2017 18:45:30 (Error)	#6 GUI::loadScheme +0xa9 (C:\Users\Samuel\Desktop\Starship1414VS\Debug\Starship1414VS.exe)
13/03/2017 18:45:30 (Error)	#7 Juego::StarUP +0x5f1 (C:\Users\Samuel\Desktop\Starship1414VS\Debug\Starship1414VS.exe)
13/03/2017 18:45:30 (Error)	#8 Juego::render +0x63 (C:\Users\Samuel\Desktop\Starship1414VS\Debug\Starship1414VS.exe)
13/03/2017 18:45:30 (Error)	#9 ManejadorEstadoGeneral::Render +0x5f (C:\Users\Samuel\Desktop\Starship1414VS\Debug\Starship1414VS.exe)
13/03/2017 18:45:30 (Error)	#10 main +0x377 (C:\Users\Samuel\Desktop\Starship1414VS\Debug\Starship1414VS.exe)
13/03/2017 18:45:30 (Error)	#11 invoke_main +0x1e (C:\Users\Samuel\Desktop\Starship1414VS\Debug\Starship1414VS.exe)
13/03/2017 18:45:30 (Error)	#12 __scrt_common_main_seh +0x150 (C:\Users\Samuel\Desktop\Starship1414VS\Debug\Starship1414VS.exe)
13/03/2017 18:45:30 (Error)	#13 __scrt_common_main +0xd (C:\Users\Samuel\Desktop\Starship1414VS\Debug\Starship1414VS.exe)
13/03/2017 18:45:30 (Error)	#14 mainCRTStartup +0x8 (C:\Users\Samuel\Desktop\Starship1414VS\Debug\Starship1414VS.exe)
13/03/2017 18:45:30 (Error)	#15 BaseThreadInitThunk +0x24 (C:\WINDOWS\System32\KERNEL32.DLL)
13/03/2017 18:45:30 (Error)	#16 RtlSubscribeWnfStateChangeNotification +0x439 (C:\WINDOWS\SYSTEM32\ntdll.dll)
13/03/2017 18:45:30 (Error)	#17 RtlSubscribeWnfStateChangeNotification +0x404 (C:\WINDOWS\SYSTEM32\ntdll.dll)
13/03/2017 18:45:30 (Error)	==========  End of Backtrace  ==========
