  Bala.cpp
  Llave.cpp
  Generando código...
  LINK : no se encontró C:\Users\David\Documents\GitHub\code\ENTREGA\JUEGO\spaceShip1414\x64\Debug\spaceShip1414.exe o no lo generó el último vínculo incremental; ejecutando vínculo completo
LINK : warning LNK4098: la biblioteca predeterminada'LIBCMT' entra en conflicto con otras bibliotecas; use la biblioteca /NODEFAULTLIB:biblioteca
glew32s.lib(glew.obj) : warning LNK4099: no se encontró PDB 'vc120.pdb' con 'glew32s.lib(glew.obj)' o en 'C:\Users\David\Documents\GitHub\code\ENTREGA\JUEGO\spaceShip1414\x64\Debug\vc120.pdb'; se vinculará el objeto sin tener en cuenta información de depuración
sfml-graphics-s-d.lib(BlendMode.cpp.obj) : warning LNK4099: no se encontró PDB 'vc140.pdb' con 'sfml-graphics-s-d.lib(BlendMode.cpp.obj)' o en 'C:\Users\David\Documents\GitHub\code\ENTREGA\JUEGO\spaceShip1414\x64\Debug\vc140.pdb'; se vinculará el objeto sin tener en cuenta información de depuración
sfml-graphics-s-d.lib(Color.cpp.obj) : warning LNK4099: no se encontró PDB 'vc140.pdb' con 'sfml-graphics-s-d.lib(Color.cpp.obj)' o en 'C:\Users\David\Documents\GitHub\code\ENTREGA\JUEGO\spaceShip1414\x64\Debug\vc140.pdb'; se vinculará el objeto sin tener en cuenta información de depuración
sfml-graphics-s-d.lib(Font.cpp.obj) : warning LNK4099: no se encontró PDB 'vc140.pdb' con 'sfml-graphics-s-d.lib(Font.cpp.obj)' o en 'C:\Users\David\Documents\GitHub\code\ENTREGA\JUEGO\spaceShip1414\x64\Debug\vc140.pdb'; se vinculará el objeto sin tener en cuenta información de depuración
sfml-graphics-s-d.lib(GLCheck.cpp.obj) : warning LNK4099: no se encontró PDB 'vc140.pdb' con 'sfml-graphics-s-d.lib(GLCheck.cpp.obj)' o en 'C:\Users\David\Documents\GitHub\code\ENTREGA\JUEGO\spaceShip1414\x64\Debug\vc140.pdb'; se vinculará el objeto sin tener en cuenta información de depuración
sfml-graphics-s-d.lib(GLExtensions.cpp.obj) : warning LNK4099: no se encontró PDB 'vc140.pdb' con 'sfml-graphics-s-d.lib(GLExtensions.cpp.obj)' o en 'C:\Users\David\Documents\GitHub\code\ENTREGA\JUEGO\spaceShip1414\x64\Debug\vc140.pdb'; se vinculará el objeto sin tener en cuenta información de depuración
sfml-graphics-s-d.lib(Image.cpp.obj) : warning LNK4099: no se encontró PDB 'vc140.pdb' con 'sfml-graphics-s-d.lib(Image.cpp.obj)' o en 'C:\Users\David\Documents\GitHub\code\ENTREGA\JUEGO\spaceShip1414\x64\Debug\vc140.pdb'; se vinculará el objeto sin tener en cuenta información de depuración
sfml-graphics-s-d.lib(ImageLoader.cpp.obj) : warning LNK4099: no se encontró PDB 'vc140.pdb' con 'sfml-graphics-s-d.lib(ImageLoader.cpp.obj)' o en 'C:\Users\David\Documents\GitHub\code\ENTREGA\JUEGO\spaceShip1414\x64\Debug\vc140.pdb'; se vinculará el objeto sin tener en cuenta información de depuración
sfml-graphics-s-d.lib(RenderStates.cpp.obj) : warning LNK4099: no se encontró PDB 'vc140.pdb' con 'sfml-graphics-s-d.lib(RenderStates.cpp.obj)' o en 'C:\Users\David\Documents\GitHub\code\ENTREGA\JUEGO\spaceShip1414\x64\Debug\vc140.pdb'; se vinculará el objeto sin tener en cuenta información de depuración
sfml-graphics-s-d.lib(RenderTarget.cpp.obj) : warning LNK4099: no se encontró PDB 'vc140.pdb' con 'sfml-graphics-s-d.lib(RenderTarget.cpp.obj)' o en 'C:\Users\David\Documents\GitHub\code\ENTREGA\JUEGO\spaceShip1414\x64\Debug\vc140.pdb'; se vinculará el objeto sin tener en cuenta información de depuración
sfml-graphics-s-d.lib(RenderWindow.cpp.obj) : warning LNK4099: no se encontró PDB 'vc140.pdb' con 'sfml-graphics-s-d.lib(RenderWindow.cpp.obj)' o en 'C:\Users\David\Documents\GitHub\code\ENTREGA\JUEGO\spaceShip1414\x64\Debug\vc140.pdb'; se vinculará el objeto sin tener en cuenta información de depuración
sfml-graphics-s-d.lib(Shader.cpp.obj) : warning LNK4099: no se encontró PDB 'vc140.pdb' con 'sfml-graphics-s-d.lib(Shader.cpp.obj)' o en 'C:\Users\David\Documents\GitHub\code\ENTREGA\JUEGO\spaceShip1414\x64\Debug\vc140.pdb'; se vinculará el objeto sin tener en cuenta información de depuración
sfml-graphics-s-d.lib(Texture.cpp.obj) : warning LNK4099: no se encontró PDB 'vc140.pdb' con 'sfml-graphics-s-d.lib(Texture.cpp.obj)' o en 'C:\Users\David\Documents\GitHub\code\ENTREGA\JUEGO\spaceShip1414\x64\Debug\vc140.pdb'; se vinculará el objeto sin tener en cuenta información de depuración
sfml-graphics-s-d.lib(TextureSaver.cpp.obj) : warning LNK4099: no se encontró PDB 'vc140.pdb' con 'sfml-graphics-s-d.lib(TextureSaver.cpp.obj)' o en 'C:\Users\David\Documents\GitHub\code\ENTREGA\JUEGO\spaceShip1414\x64\Debug\vc140.pdb'; se vinculará el objeto sin tener en cuenta información de depuración
sfml-graphics-s-d.lib(Transform.cpp.obj) : warning LNK4099: no se encontró PDB 'vc140.pdb' con 'sfml-graphics-s-d.lib(Transform.cpp.obj)' o en 'C:\Users\David\Documents\GitHub\code\ENTREGA\JUEGO\spaceShip1414\x64\Debug\vc140.pdb'; se vinculará el objeto sin tener en cuenta información de depuración
sfml-graphics-s-d.lib(Transformable.cpp.obj) : warning LNK4099: no se encontró PDB 'vc140.pdb' con 'sfml-graphics-s-d.lib(Transformable.cpp.obj)' o en 'C:\Users\David\Documents\GitHub\code\ENTREGA\JUEGO\spaceShip1414\x64\Debug\vc140.pdb'; se vinculará el objeto sin tener en cuenta información de depuración
sfml-graphics-s-d.lib(View.cpp.obj) : warning LNK4099: no se encontró PDB 'vc140.pdb' con 'sfml-graphics-s-d.lib(View.cpp.obj)' o en 'C:\Users\David\Documents\GitHub\code\ENTREGA\JUEGO\spaceShip1414\x64\Debug\vc140.pdb'; se vinculará el objeto sin tener en cuenta información de depuración
sfml-graphics-s-d.lib(Vertex.cpp.obj) : warning LNK4099: no se encontró PDB 'vc140.pdb' con 'sfml-graphics-s-d.lib(Vertex.cpp.obj)' o en 'C:\Users\David\Documents\GitHub\code\ENTREGA\JUEGO\spaceShip1414\x64\Debug\vc140.pdb'; se vinculará el objeto sin tener en cuenta información de depuración
sfml-graphics-s-d.lib(GLLoader.cpp.obj) : warning LNK4099: no se encontró PDB 'vc140.pdb' con 'sfml-graphics-s-d.lib(GLLoader.cpp.obj)' o en 'C:\Users\David\Documents\GitHub\code\ENTREGA\JUEGO\spaceShip1414\x64\Debug\vc140.pdb'; se vinculará el objeto sin tener en cuenta información de depuración
sfml-graphics-s-d.lib(Shape.cpp.obj) : warning LNK4099: no se encontró PDB 'vc140.pdb' con 'sfml-graphics-s-d.lib(Shape.cpp.obj)' o en 'C:\Users\David\Documents\GitHub\code\ENTREGA\JUEGO\spaceShip1414\x64\Debug\vc140.pdb'; se vinculará el objeto sin tener en cuenta información de depuración
sfml-graphics-s-d.lib(CircleShape.cpp.obj) : warning LNK4099: no se encontró PDB 'vc140.pdb' con 'sfml-graphics-s-d.lib(CircleShape.cpp.obj)' o en 'C:\Users\David\Documents\GitHub\code\ENTREGA\JUEGO\spaceShip1414\x64\Debug\vc140.pdb'; se vinculará el objeto sin tener en cuenta información de depuración
sfml-graphics-s-d.lib(RectangleShape.cpp.obj) : warning LNK4099: no se encontró PDB 'vc140.pdb' con 'sfml-graphics-s-d.lib(RectangleShape.cpp.obj)' o en 'C:\Users\David\Documents\GitHub\code\ENTREGA\JUEGO\spaceShip1414\x64\Debug\vc140.pdb'; se vinculará el objeto sin tener en cuenta información de depuración
sfml-graphics-s-d.lib(Sprite.cpp.obj) : warning LNK4099: no se encontró PDB 'vc140.pdb' con 'sfml-graphics-s-d.lib(Sprite.cpp.obj)' o en 'C:\Users\David\Documents\GitHub\code\ENTREGA\JUEGO\spaceShip1414\x64\Debug\vc140.pdb'; se vinculará el objeto sin tener en cuenta información de depuración
sfml-graphics-s-d.lib(Text.cpp.obj) : warning LNK4099: no se encontró PDB 'vc140.pdb' con 'sfml-graphics-s-d.lib(Text.cpp.obj)' o en 'C:\Users\David\Documents\GitHub\code\ENTREGA\JUEGO\spaceShip1414\x64\Debug\vc140.pdb'; se vinculará el objeto sin tener en cuenta información de depuración
sfml-graphics-s-d.lib(VertexArray.cpp.obj) : warning LNK4099: no se encontró PDB 'vc140.pdb' con 'sfml-graphics-s-d.lib(VertexArray.cpp.obj)' o en 'C:\Users\David\Documents\GitHub\code\ENTREGA\JUEGO\spaceShip1414\x64\Debug\vc140.pdb'; se vinculará el objeto sin tener en cuenta información de depuración
sfml-window-s-d.lib(Context.cpp.obj) : warning LNK4099: no se encontró PDB 'vc140.pdb' con 'sfml-window-s-d.lib(Context.cpp.obj)' o en 'C:\Users\David\Documents\GitHub\code\ENTREGA\JUEGO\spaceShip1414\x64\Debug\vc140.pdb'; se vinculará el objeto sin tener en cuenta información de depuración
sfml-window-s-d.lib(GlContext.cpp.obj) : warning LNK4099: no se encontró PDB 'vc140.pdb' con 'sfml-window-s-d.lib(GlContext.cpp.obj)' o en 'C:\Users\David\Documents\GitHub\code\ENTREGA\JUEGO\spaceShip1414\x64\Debug\vc140.pdb'; se vinculará el objeto sin tener en cuenta información de depuración
sfml-window-s-d.lib(GlResource.cpp.obj) : warning LNK4099: no se encontró PDB 'vc140.pdb' con 'sfml-window-s-d.lib(GlResource.cpp.obj)' o en 'C:\Users\David\Documents\GitHub\code\ENTREGA\JUEGO\spaceShip1414\x64\Debug\vc140.pdb'; se vinculará el objeto sin tener en cuenta información de depuración
sfml-window-s-d.lib(Joystick.cpp.obj) : warning LNK4099: no se encontró PDB 'vc140.pdb' con 'sfml-window-s-d.lib(Joystick.cpp.obj)' o en 'C:\Users\David\Documents\GitHub\code\ENTREGA\JUEGO\spaceShip1414\x64\Debug\vc140.pdb'; se vinculará el objeto sin tener en cuenta información de depuración
sfml-window-s-d.lib(JoystickManager.cpp.obj) : warning LNK4099: no se encontró PDB 'vc140.pdb' con 'sfml-window-s-d.lib(JoystickManager.cpp.obj)' o en 'C:\Users\David\Documents\GitHub\code\ENTREGA\JUEGO\spaceShip1414\x64\Debug\vc140.pdb'; se vinculará el objeto sin tener en cuenta información de depuración
sfml-window-s-d.lib(Keyboard.cpp.obj) : warning LNK4099: no se encontró PDB 'vc140.pdb' con 'sfml-window-s-d.lib(Keyboard.cpp.obj)' o en 'C:\Users\David\Documents\GitHub\code\ENTREGA\JUEGO\spaceShip1414\x64\Debug\vc140.pdb'; se vinculará el objeto sin tener en cuenta información de depuración
sfml-window-s-d.lib(Mouse.cpp.obj) : warning LNK4099: no se encontró PDB 'vc140.pdb' con 'sfml-window-s-d.lib(Mouse.cpp.obj)' o en 'C:\Users\David\Documents\GitHub\code\ENTREGA\JUEGO\spaceShip1414\x64\Debug\vc140.pdb'; se vinculará el objeto sin tener en cuenta información de depuración
sfml-window-s-d.lib(SensorManager.cpp.obj) : warning LNK4099: no se encontró PDB 'vc140.pdb' con 'sfml-window-s-d.lib(SensorManager.cpp.obj)' o en 'C:\Users\David\Documents\GitHub\code\ENTREGA\JUEGO\spaceShip1414\x64\Debug\vc140.pdb'; se vinculará el objeto sin tener en cuenta información de depuración
sfml-window-s-d.lib(VideoMode.cpp.obj) : warning LNK4099: no se encontró PDB 'vc140.pdb' con 'sfml-window-s-d.lib(VideoMode.cpp.obj)' o en 'C:\Users\David\Documents\GitHub\code\ENTREGA\JUEGO\spaceShip1414\x64\Debug\vc140.pdb'; se vinculará el objeto sin tener en cuenta información de depuración
sfml-window-s-d.lib(Window.cpp.obj) : warning LNK4099: no se encontró PDB 'vc140.pdb' con 'sfml-window-s-d.lib(Window.cpp.obj)' o en 'C:\Users\David\Documents\GitHub\code\ENTREGA\JUEGO\spaceShip1414\x64\Debug\vc140.pdb'; se vinculará el objeto sin tener en cuenta información de depuración
sfml-window-s-d.lib(WindowImpl.cpp.obj) : warning LNK4099: no se encontró PDB 'vc140.pdb' con 'sfml-window-s-d.lib(WindowImpl.cpp.obj)' o en 'C:\Users\David\Documents\GitHub\code\ENTREGA\JUEGO\spaceShip1414\x64\Debug\vc140.pdb'; se vinculará el objeto sin tener en cuenta información de depuración
sfml-window-s-d.lib(WglContext.cpp.obj) : warning LNK4099: no se encontró PDB 'vc140.pdb' con 'sfml-window-s-d.lib(WglContext.cpp.obj)' o en 'C:\Users\David\Documents\GitHub\code\ENTREGA\JUEGO\spaceShip1414\x64\Debug\vc140.pdb'; se vinculará el objeto sin tener en cuenta información de depuración
sfml-window-s-d.lib(WglExtensions.cpp.obj) : warning LNK4099: no se encontró PDB 'vc140.pdb' con 'sfml-window-s-d.lib(WglExtensions.cpp.obj)' o en 'C:\Users\David\Documents\GitHub\code\ENTREGA\JUEGO\spaceShip1414\x64\Debug\vc140.pdb'; se vinculará el objeto sin tener en cuenta información de depuración
sfml-window-s-d.lib(InputImpl.cpp.obj) : warning LNK4099: no se encontró PDB 'vc140.pdb' con 'sfml-window-s-d.lib(InputImpl.cpp.obj)' o en 'C:\Users\David\Documents\GitHub\code\ENTREGA\JUEGO\spaceShip1414\x64\Debug\vc140.pdb'; se vinculará el objeto sin tener en cuenta información de depuración
sfml-window-s-d.lib(JoystickImpl.cpp.obj) : warning LNK4099: no se encontró PDB 'vc140.pdb' con 'sfml-window-s-d.lib(JoystickImpl.cpp.obj)' o en 'C:\Users\David\Documents\GitHub\code\ENTREGA\JUEGO\spaceShip1414\x64\Debug\vc140.pdb'; se vinculará el objeto sin tener en cuenta información de depuración
sfml-window-s-d.lib(SensorImpl.cpp.obj) : warning LNK4099: no se encontró PDB 'vc140.pdb' con 'sfml-window-s-d.lib(SensorImpl.cpp.obj)' o en 'C:\Users\David\Documents\GitHub\code\ENTREGA\JUEGO\spaceShip1414\x64\Debug\vc140.pdb'; se vinculará el objeto sin tener en cuenta información de depuración
sfml-window-s-d.lib(VideoModeImpl.cpp.obj) : warning LNK4099: no se encontró PDB 'vc140.pdb' con 'sfml-window-s-d.lib(VideoModeImpl.cpp.obj)' o en 'C:\Users\David\Documents\GitHub\code\ENTREGA\JUEGO\spaceShip1414\x64\Debug\vc140.pdb'; se vinculará el objeto sin tener en cuenta información de depuración
sfml-window-s-d.lib(WindowImplWin32.cpp.obj) : warning LNK4099: no se encontró PDB 'vc140.pdb' con 'sfml-window-s-d.lib(WindowImplWin32.cpp.obj)' o en 'C:\Users\David\Documents\GitHub\code\ENTREGA\JUEGO\spaceShip1414\x64\Debug\vc140.pdb'; se vinculará el objeto sin tener en cuenta información de depuración
sfml-system-s-d.lib(Clock.cpp.obj) : warning LNK4099: no se encontró PDB 'vc140.pdb' con 'sfml-system-s-d.lib(Clock.cpp.obj)' o en 'C:\Users\David\Documents\GitHub\code\ENTREGA\JUEGO\spaceShip1414\x64\Debug\vc140.pdb'; se vinculará el objeto sin tener en cuenta información de depuración
sfml-system-s-d.lib(Err.cpp.obj) : warning LNK4099: no se encontró PDB 'vc140.pdb' con 'sfml-system-s-d.lib(Err.cpp.obj)' o en 'C:\Users\David\Documents\GitHub\code\ENTREGA\JUEGO\spaceShip1414\x64\Debug\vc140.pdb'; se vinculará el objeto sin tener en cuenta información de depuración
sfml-system-s-d.lib(Lock.cpp.obj) : warning LNK4099: no se encontró PDB 'vc140.pdb' con 'sfml-system-s-d.lib(Lock.cpp.obj)' o en 'C:\Users\David\Documents\GitHub\code\ENTREGA\JUEGO\spaceShip1414\x64\Debug\vc140.pdb'; se vinculará el objeto sin tener en cuenta información de depuración
sfml-system-s-d.lib(Mutex.cpp.obj) : warning LNK4099: no se encontró PDB 'vc140.pdb' con 'sfml-system-s-d.lib(Mutex.cpp.obj)' o en 'C:\Users\David\Documents\GitHub\code\ENTREGA\JUEGO\spaceShip1414\x64\Debug\vc140.pdb'; se vinculará el objeto sin tener en cuenta información de depuración
sfml-system-s-d.lib(Sleep.cpp.obj) : warning LNK4099: no se encontró PDB 'vc140.pdb' con 'sfml-system-s-d.lib(Sleep.cpp.obj)' o en 'C:\Users\David\Documents\GitHub\code\ENTREGA\JUEGO\spaceShip1414\x64\Debug\vc140.pdb'; se vinculará el objeto sin tener en cuenta información de depuración
sfml-system-s-d.lib(String.cpp.obj) : warning LNK4099: no se encontró PDB 'vc140.pdb' con 'sfml-system-s-d.lib(String.cpp.obj)' o en 'C:\Users\David\Documents\GitHub\code\ENTREGA\JUEGO\spaceShip1414\x64\Debug\vc140.pdb'; se vinculará el objeto sin tener en cuenta información de depuración
sfml-system-s-d.lib(ThreadLocal.cpp.obj) : warning LNK4099: no se encontró PDB 'vc140.pdb' con 'sfml-system-s-d.lib(ThreadLocal.cpp.obj)' o en 'C:\Users\David\Documents\GitHub\code\ENTREGA\JUEGO\spaceShip1414\x64\Debug\vc140.pdb'; se vinculará el objeto sin tener en cuenta información de depuración
sfml-system-s-d.lib(Time.cpp.obj) : warning LNK4099: no se encontró PDB 'vc140.pdb' con 'sfml-system-s-d.lib(Time.cpp.obj)' o en 'C:\Users\David\Documents\GitHub\code\ENTREGA\JUEGO\spaceShip1414\x64\Debug\vc140.pdb'; se vinculará el objeto sin tener en cuenta información de depuración
sfml-system-s-d.lib(ClockImpl.cpp.obj) : warning LNK4099: no se encontró PDB 'vc140.pdb' con 'sfml-system-s-d.lib(ClockImpl.cpp.obj)' o en 'C:\Users\David\Documents\GitHub\code\ENTREGA\JUEGO\spaceShip1414\x64\Debug\vc140.pdb'; se vinculará el objeto sin tener en cuenta información de depuración
sfml-system-s-d.lib(MutexImpl.cpp.obj) : warning LNK4099: no se encontró PDB 'vc140.pdb' con 'sfml-system-s-d.lib(MutexImpl.cpp.obj)' o en 'C:\Users\David\Documents\GitHub\code\ENTREGA\JUEGO\spaceShip1414\x64\Debug\vc140.pdb'; se vinculará el objeto sin tener en cuenta información de depuración
sfml-system-s-d.lib(SleepImpl.cpp.obj) : warning LNK4099: no se encontró PDB 'vc140.pdb' con 'sfml-system-s-d.lib(SleepImpl.cpp.obj)' o en 'C:\Users\David\Documents\GitHub\code\ENTREGA\JUEGO\spaceShip1414\x64\Debug\vc140.pdb'; se vinculará el objeto sin tener en cuenta información de depuración
sfml-system-s-d.lib(ThreadLocalImpl.cpp.obj) : warning LNK4099: no se encontró PDB 'vc140.pdb' con 'sfml-system-s-d.lib(ThreadLocalImpl.cpp.obj)' o en 'C:\Users\David\Documents\GitHub\code\ENTREGA\JUEGO\spaceShip1414\x64\Debug\vc140.pdb'; se vinculará el objeto sin tener en cuenta información de depuración
  spaceShip1414.vcxproj -> C:\Users\David\Documents\GitHub\code\ENTREGA\JUEGO\spaceShip1414\x64\Debug\spaceShip1414.exe
  spaceShip1414.vcxproj -> C:\Users\David\Documents\GitHub\code\ENTREGA\JUEGO\spaceShip1414\x64\Debug\spaceShip1414.pdb (Partial PDB)
