d:\documentos\github\code\entrega\juego\spaceship1414\spaceship1414\x64\debug\vc140.pdb
d:\documentos\github\code\entrega\juego\spaceship1414\spaceship1414\x64\debug\vc140.idb
d:\documentos\github\code\entrega\juego\spaceship1414\spaceship1414\x64\debug\b2circlecontact.obj
d:\documentos\github\code\entrega\juego\spaceship1414\spaceship1414\x64\debug\b2contact.obj
d:\documentos\github\code\entrega\juego\spaceship1414\spaceship1414\x64\debug\b2contactsolver.obj
d:\documentos\github\code\entrega\juego\spaceship1414\spaceship1414\x64\debug\b2edgeandcirclecontact.obj
d:\documentos\github\code\entrega\juego\spaceship1414\spaceship1414\x64\debug\b2edgeandpolygoncontact.obj
d:\documentos\github\code\entrega\juego\spaceship1414\spaceship1414\x64\debug\b2polygonandcirclecontact.obj
d:\documentos\github\code\entrega\juego\spaceship1414\spaceship1414\x64\debug\b2polygoncontact.obj
d:\documentos\github\code\entrega\juego\spaceship1414\spaceship1414\x64\debug\b2distancejoint.obj
d:\documentos\github\code\entrega\juego\spaceship1414\spaceship1414\x64\debug\b2frictionjoint.obj
d:\documentos\github\code\entrega\juego\spaceship1414\spaceship1414\x64\debug\b2gearjoint.obj
d:\documentos\github\code\entrega\juego\spaceship1414\spaceship1414\x64\debug\b2joint.obj
d:\documentos\github\code\entrega\juego\spaceship1414\spaceship1414\x64\debug\b2motorjoint.obj
d:\documentos\github\code\entrega\juego\spaceship1414\spaceship1414\x64\debug\b2mousejoint.obj
d:\documentos\github\code\entrega\juego\spaceship1414\spaceship1414\x64\debug\b2prismaticjoint.obj
d:\documentos\github\code\entrega\juego\spaceship1414\spaceship1414\x64\debug\b2pulleyjoint.obj
d:\documentos\github\code\entrega\juego\spaceship1414\spaceship1414\x64\debug\b2revolutejoint.obj
d:\documentos\github\code\entrega\juego\spaceship1414\spaceship1414\x64\debug\b2ropejoint.obj
d:\documentos\github\code\entrega\juego\spaceship1414\spaceship1414\x64\debug\b2weldjoint.obj
d:\documentos\github\code\entrega\juego\spaceship1414\spaceship1414\x64\debug\b2wheeljoint.obj
d:\documentos\github\code\entrega\juego\spaceship1414\spaceship1414\x64\debug\b2rope.obj
d:\documentos\github\code\entrega\juego\spaceship1414\spaceship1414\x64\debug\b2dynamictree.obj
d:\documentos\github\code\entrega\juego\spaceship1414\spaceship1414\x64\debug\b2timeofimpact.obj
d:\documentos\github\code\entrega\juego\spaceship1414\spaceship1414\x64\debug\b2chainshape.obj
d:\documentos\github\code\entrega\juego\spaceship1414\spaceship1414\x64\debug\b2circleshape.obj
d:\documentos\github\code\entrega\juego\spaceship1414\spaceship1414\x64\debug\b2edgeshape.obj
d:\documentos\github\code\entrega\juego\spaceship1414\spaceship1414\x64\debug\b2polygonshape.obj
d:\documentos\github\code\entrega\juego\spaceship1414\spaceship1414\x64\debug\b2blockallocator.obj
d:\documentos\github\code\entrega\juego\spaceship1414\spaceship1414\x64\debug\b2draw.obj
d:\documentos\github\code\entrega\juego\spaceship1414\spaceship1414\x64\debug\b2math.obj
d:\documentos\github\code\entrega\juego\spaceship1414\spaceship1414\x64\debug\b2settings.obj
d:\documentos\github\code\entrega\juego\spaceship1414\spaceship1414\x64\debug\b2stackallocator.obj
d:\documentos\github\code\entrega\juego\spaceship1414\spaceship1414\x64\debug\b2timer.obj
d:\documentos\github\code\entrega\juego\spaceship1414\spaceship1414\x64\debug\b2body.obj
d:\documentos\github\code\entrega\juego\spaceship1414\spaceship1414\x64\debug\b2contactmanager.obj
d:\documentos\github\code\entrega\juego\spaceship1414\spaceship1414\x64\debug\b2fixture.obj
d:\documentos\github\code\entrega\juego\spaceship1414\spaceship1414\x64\debug\b2island.obj
d:\documentos\github\code\entrega\juego\spaceship1414\spaceship1414\x64\debug\b2world.obj
d:\documentos\github\code\entrega\juego\spaceship1414\spaceship1414\x64\debug\b2worldcallbacks.obj
d:\documentos\github\code\entrega\juego\spaceship1414\spaceship1414\x64\debug\b2chainandcirclecontact.obj
d:\documentos\github\code\entrega\juego\spaceship1414\spaceship1414\x64\debug\b2chainandpolygoncontact.obj
d:\documentos\github\code\entrega\juego\spaceship1414\spaceship1414\x64\debug\tgraphicengine.obj
d:\documentos\github\code\entrega\juego\spaceship1414\spaceship1414\x64\debug\tgestorrecursos.obj
d:\documentos\github\code\entrega\juego\spaceship1414\spaceship1414\x64\debug\trecurso.obj
d:\documentos\github\code\entrega\juego\spaceship1414\spaceship1414\x64\debug\trecursomalla.obj
d:\documentos\github\code\entrega\juego\spaceship1414\spaceship1414\x64\debug\trecursotextura.obj
d:\documentos\github\code\entrega\juego\spaceship1414\spaceship1414\x64\debug\luces.obj
d:\documentos\github\code\entrega\juego\spaceship1414\spaceship1414\x64\debug\menu.obj
d:\documentos\github\code\entrega\juego\spaceship1414\spaceship1414\x64\debug\main.obj
d:\documentos\github\code\entrega\juego\spaceship1414\spaceship1414\x64\debug\mundo3d.obj
d:\documentos\github\code\entrega\juego\spaceship1414\spaceship1414\x64\debug\pared.obj
d:\documentos\github\code\entrega\juego\spaceship1414\spaceship1414\x64\debug\maingame.obj
d:\documentos\github\code\entrega\juego\spaceship1414\spaceship1414\x64\debug\player.obj
d:\documentos\github\code\entrega\juego\spaceship1414\spaceship1414\x64\debug\readjson.obj
d:\documentos\github\code\entrega\juego\spaceship1414\spaceship1414\x64\debug\movimenthandler.obj
d:\documentos\github\code\entrega\juego\spaceship1414\spaceship1414\x64\debug\b2broadphase.obj
d:\documentos\github\code\entrega\juego\spaceship1414\spaceship1414\x64\debug\b2collidecircle.obj
d:\documentos\github\code\entrega\juego\spaceship1414\spaceship1414\x64\debug\b2collideedge.obj
d:\documentos\github\code\entrega\juego\spaceship1414\spaceship1414\x64\debug\b2collidepolygon.obj
d:\documentos\github\code\entrega\juego\spaceship1414\spaceship1414\x64\debug\b2collision.obj
d:\documentos\github\code\entrega\juego\spaceship1414\spaceship1414\x64\debug\b2distance.obj
d:\documentos\github\code\entrega\juego\spaceship1414\spaceship1414\x64\debug\municionsubfusil.obj
d:\documentos\github\code\entrega\juego\spaceship1414\spaceship1414\x64\debug\puerta.obj
d:\documentos\github\code\entrega\juego\spaceship1414\spaceship1414\x64\debug\terminal.obj
d:\documentos\github\code\entrega\juego\spaceship1414\spaceship1414\x64\debug\arma.obj
d:\documentos\github\code\entrega\juego\spaceship1414\spaceship1414\x64\debug\bala.obj
d:\documentos\github\code\entrega\juego\spaceship1414\spaceship1414\x64\debug\escopeta.obj
d:\documentos\github\code\entrega\juego\spaceship1414\spaceship1414\x64\debug\fusil.obj
d:\documentos\github\code\entrega\juego\spaceship1414\spaceship1414\x64\debug\inventario.obj
d:\documentos\github\code\entrega\juego\spaceship1414\spaceship1414\x64\debug\pistola.obj
d:\documentos\github\code\entrega\juego\spaceship1414\spaceship1414\x64\debug\estados.obj
d:\documentos\github\code\entrega\juego\spaceship1414\spaceship1414\x64\debug\maquinaestados.obj
d:\documentos\github\code\entrega\juego\spaceship1414\spaceship1414\x64\debug\tgameengine.obj
d:\documentos\github\code\entrega\juego\spaceship1414\spaceship1414\x64\debug\tanimacion.obj
d:\documentos\github\code\entrega\juego\spaceship1414\spaceship1414\x64\debug\tcamara.obj
d:\documentos\github\code\entrega\juego\spaceship1414\spaceship1414\x64\debug\tentidad.obj
d:\documentos\github\code\entrega\juego\spaceship1414\spaceship1414\x64\debug\tluz.obj
d:\documentos\github\code\entrega\juego\spaceship1414\spaceship1414\x64\debug\tmalla.obj
d:\documentos\github\code\entrega\juego\spaceship1414\spaceship1414\x64\debug\tnodo.obj
d:\documentos\github\code\entrega\juego\spaceship1414\spaceship1414\x64\debug\ttransform.obj
d:\documentos\github\code\entrega\juego\spaceship1414\spaceship1414\x64\debug\openglshader.obj
d:\documentos\github\code\entrega\juego\spaceship1414\spaceship1414\x64\debug\enemigo.obj
d:\documentos\github\code\entrega\juego\spaceship1414\spaceship1414\x64\debug\flocking.obj
d:\documentos\github\code\entrega\juego\spaceship1414\spaceship1414\x64\debug\logicadifusa.obj
d:\documentos\github\code\entrega\juego\spaceship1414\spaceship1414\x64\debug\nodo.obj
d:\documentos\github\code\entrega\juego\spaceship1414\spaceship1414\x64\debug\waypoints.obj
d:\documentos\github\code\entrega\juego\spaceship1414\spaceship1414\x64\debug\escenario.obj
d:\documentos\github\code\entrega\juego\spaceship1414\spaceship1414\x64\debug\entity3d.obj
d:\documentos\github\code\entrega\juego\spaceship1414\spaceship1414\x64\debug\b2gldraw.obj
d:\documentos\github\code\entrega\juego\spaceship1414\spaceship1414\x64\debug\entity2d.obj
d:\documentos\github\code\entrega\juego\spaceship1414\spaceship1414\x64\debug\micontactlistener.obj
d:\documentos\github\code\entrega\juego\spaceship1414\spaceship1414\x64\debug\mundo.obj
d:\documentos\github\code\entrega\juego\spaceship1414\spaceship1414\x64\debug\mycontactfilter.obj
d:\documentos\github\code\entrega\juego\spaceship1414\spaceship1414\x64\debug\raycastcallback.obj
d:\documentos\github\code\entrega\juego\spaceship1414\spaceship1414\x64\debug\gldebugdraw.obj
d:\documentos\github\code\entrega\juego\spaceship1414\spaceship1414\x64\debug\botiquines.obj
d:\documentos\github\code\entrega\juego\spaceship1414\spaceship1414\x64\debug\llave.obj
d:\documentos\github\code\entrega\juego\spaceship1414\spaceship1414\x64\debug\municion.obj
d:\documentos\github\code\entrega\juego\spaceship1414\spaceship1414\x64\debug\objetos.obj
d:\documentos\github\code\entrega\juego\spaceship1414\spaceship1414\x64\debug\municionescopeta.obj
d:\documentos\github\code\entrega\juego\spaceship1414\spaceship1414\x64\debug\municionpistola.obj
d:\documentos\github\code\entrega\juego\spaceship1414\spaceship1414\x64\debug\perdido.obj
d:\documentos\github\code\entrega\juego\spaceship1414\spaceship1414\x64\debug\salida.obj
d:\documentos\github\code\entrega\juego\spaceship1414\spaceship1414\x64\debug\victoria.obj
d:\documentos\github\code\entrega\juego\spaceship1414\spaceship1414\x64\debug\activadorcamara.obj
d:\documentos\github\code\entrega\juego\spaceship1414\spaceship1414\x64\debug\camara.obj
d:\documentos\github\code\entrega\juego\spaceship1414\spaceship1414\x64\debug\ajustes.obj
d:\documentos\github\code\entrega\juego\spaceship1414\spaceship1414\x64\debug\estadosjuego.obj
d:\documentos\github\code\entrega\juego\spaceship1414\spaceship1414\x64\debug\jugando.obj
d:\documentos\github\code\entrega\juego\spaceship1414\spaceship1414\x64\debug\maquinaestadosjuego.obj
d:\documentos\github\code\entrega\juego\spaceship1414\spaceship1414\x64\debug\alienberserker.obj
d:\documentos\github\code\entrega\juego\spaceship1414\spaceship1414\x64\debug\astar.obj
d:\documentos\github\code\entrega\juego\spaceship1414\spaceship1414\x64\debug\behaivortree.obj
d:\documentos\github\code\entrega\juego\spaceship1414\spaceship1414\x64\debug\criaalien.obj
d:\documentos\github\code\entrega\juego\spaceship1414\x64\debug\spaceship1414.ilk
d:\documentos\github\code\entrega\juego\spaceship1414\x64\debug\spaceship1414.exe
d:\documentos\github\code\entrega\juego\spaceship1414\x64\debug\spaceship1414.pdb
d:\documentos\github\code\entrega\juego\spaceship1414\spaceship1414\x64\debug\navmeshes.obj
d:\documentos\github\code\entrega\juego\spaceship1414\spaceship1414\x64\debug\spaceship1414.tlog\cl.command.1.tlog
d:\documentos\github\code\entrega\juego\spaceship1414\spaceship1414\x64\debug\spaceship1414.tlog\cl.read.1.tlog
d:\documentos\github\code\entrega\juego\spaceship1414\spaceship1414\x64\debug\spaceship1414.tlog\cl.write.1.tlog
d:\documentos\github\code\entrega\juego\spaceship1414\spaceship1414\x64\debug\spaceship1414.tlog\link.command.1.tlog
d:\documentos\github\code\entrega\juego\spaceship1414\spaceship1414\x64\debug\spaceship1414.tlog\link.read.1.tlog
d:\documentos\github\code\entrega\juego\spaceship1414\spaceship1414\x64\debug\spaceship1414.tlog\link.write.1.tlog
