c:\users\samuel\desktop\starship1414vs\starship1414vs\debug\vc140.pdb
c:\users\samuel\desktop\starship1414vs\starship1414vs\debug\vc140.idb
c:\users\samuel\desktop\starship1414vs\starship1414vs\debug\puerta.obj
c:\users\samuel\desktop\starship1414vs\starship1414vs\debug\readjson.obj
c:\users\samuel\desktop\starship1414vs\starship1414vs\debug\estadogeneral.obj
c:\users\samuel\desktop\starship1414vs\starship1414vs\debug\entity2d.obj
c:\users\samuel\desktop\starship1414vs\starship1414vs\debug\micontactlistener.obj
c:\users\samuel\desktop\starship1414vs\starship1414vs\debug\mycontactfilter.obj
c:\users\samuel\desktop\starship1414vs\starship1414vs\debug\raycastcallback.obj
c:\users\samuel\desktop\starship1414vs\starship1414vs\debug\game.obj
c:\users\samuel\desktop\starship1414vs\starship1414vs\debug\intro.obj
c:\users\samuel\desktop\starship1414vs\starship1414vs\debug\juego.obj
c:\users\samuel\desktop\starship1414vs\starship1414vs\debug\arma.obj
c:\users\samuel\desktop\starship1414vs\starship1414vs\debug\bala.obj
c:\users\samuel\desktop\starship1414vs\starship1414vs\debug\escopeta.obj
c:\users\samuel\desktop\starship1414vs\starship1414vs\debug\fusil.obj
c:\users\samuel\desktop\starship1414vs\starship1414vs\debug\personaje.obj
c:\users\samuel\desktop\starship1414vs\starship1414vs\debug\pistola.obj
c:\users\samuel\desktop\starship1414vs\starship1414vs\debug\main.obj
c:\users\samuel\desktop\starship1414vs\starship1414vs\debug\manejadorestadogeneral.obj
c:\users\samuel\desktop\starship1414vs\starship1414vs\debug\nodo.obj
c:\users\samuel\desktop\starship1414vs\starship1414vs\debug\astar.obj
c:\users\samuel\desktop\starship1414vs\starship1414vs\debug\cappreceiver.obj
c:\users\samuel\desktop\starship1414vs\starship1414vs\debug\alienberserker.obj
c:\users\samuel\desktop\starship1414vs\starship1414vs\debug\criaalien.obj
c:\users\samuel\desktop\starship1414vs\starship1414vs\debug\enemigo.obj
c:\users\samuel\desktop\starship1414vs\starship1414vs\debug\navmeshes.obj
c:\users\samuel\desktop\starship1414vs\starship1414vs\debug\waypoints.obj
c:\users\samuel\desktop\starship1414vs\starship1414vs\debug\camara.obj
c:\users\samuel\desktop\starship1414vs\starship1414vs\debug\escenario.obj
c:\users\samuel\desktop\starship1414vs\starship1414vs\debug\pared.obj
c:\users\samuel\desktop\starship1414vs\starship1414vs\debug\menu.obj
c:\users\samuel\desktop\starship1414vs\debug\starship1414vs.ilk
c:\users\samuel\desktop\starship1414vs\debug\starship1414vs.exe
c:\users\samuel\desktop\starship1414vs\debug\starship1414vs.pdb
c:\users\samuel\desktop\starship1414vs\starship1414vs\debug\starship1414vs.tlog\cl.command.1.tlog
c:\users\samuel\desktop\starship1414vs\starship1414vs\debug\starship1414vs.tlog\cl.read.1.tlog
c:\users\samuel\desktop\starship1414vs\starship1414vs\debug\starship1414vs.tlog\cl.write.1.tlog
c:\users\samuel\desktop\starship1414vs\starship1414vs\debug\starship1414vs.tlog\link.command.1.tlog
c:\users\samuel\desktop\starship1414vs\starship1414vs\debug\starship1414vs.tlog\link.read.1.tlog
c:\users\samuel\desktop\starship1414vs\starship1414vs\debug\starship1414vs.tlog\link.write.1.tlog
